# JRE version: OpenJDK Runtime Environment Temurin-21.0.9+10 (21.0.9+10) (build 21.0.9+10-LTS)
# Java VM: OpenJDK 64-Bit Server VM Temurin-21.0.9+10 (21.0.9+10-LTS, mixed mode, sharing, tiered, compressed oops, compressed class ptrs, parallel gc, windows-amd64)
GC Precious Log:
 CardTable entry size: 512
 CPUs: 8 total, 8 available
 Memory: 16067M
 Large Page Support: Disabled
 NUMA Support: Disabled
 Compressed Oops: Enabled (32-bit)
 Alignments: Space 512K, Generation 512K, Heap 2M
 Heap Min Capacity: 100M
 Heap Initial Capacity: 100M
 Heap Max Capacity: 2G
 Pre-touch: Disabled
 Parallel Workers: 8
Heap:
 PSYoungGen      total 7680K, used 1526K [0x00000000d5580000, 0x00000000d5e80000, 0x0000000100000000)
  eden space 7168K, 16% used [0x00000000d5580000,0x00000000d56a5800,0x00000000d5c80000)
  from space 512K, 68% used [0x00000000d5e00000,0x00000000d5e58020,0x00000000d5e80000)
  to   space 512K, 0% used [0x00000000d5d80000,0x00000000d5d80000,0x00000000d5e00000)
 ParOldGen       total 119296K, used 118814K [0x0000000080000000, 0x0000000087480000, 0x00000000d5580000)
  object space 119296K, 99% used [0x0000000080000000,0x0000000087407b48,0x0000000087480000)
 Metaspace       used 67443K, committed 68864K, reserved 1114112K
  class space    used 7103K, committed 7680K, reserved 1048576K
GC Heap History (20 events):
Event: 208.097 GC heap before
{Heap before GC invocations=143 (full 3):
 PSYoungGen      total 8192K, used 7747K [0x00000000d5580000, 0x00000000d5f00000, 0x0000000100000000)
  eden space 7168K, 100% used [0x00000000d5580000,0x00000000d5c80000,0x00000000d5c80000)
  from space 1024K, 56% used [0x00000000d5c80000,0x00000000d5d10c50,0x00000000d5d80000)
  to   space 1024K, 0% used [0x00000000d5e00000,0x00000000d5e00000,0x00000000d5f00000)
 ParOldGen       total 115200K, used 114159K [0x0000000080000000, 0x0000000087080000, 0x00000000d5580000)
  object space 115200K, 99% used [0x0000000080000000,0x0000000086f7bd88,0x0000000087080000)
 Metaspace       used 66549K, committed 67968K, reserved 1114112K
  class space    used 7058K, committed 7616K, reserved 1048576K
}
Event: 208.100 GC heap after
{Heap after GC invocations=143 (full 3):
 PSYoungGen      total 8192K, used 1005K [0x00000000d5580000, 0x00000000d5f80000, 0x0000000100000000)
  eden space 7168K, 0% used [0x00000000d5580000,0x00000000d5580000,0x00000000d5c80000)
  from space 1024K, 98% used [0x00000000d5e00000,0x00000000d5efb510,0x00000000d5f00000)
  to   space 1536K, 0% used [0x00000000d5c80000,0x00000000d5c80000,0x00000000d5e00000)
 ParOldGen       total 115200K, used 114559K [0x0000000080000000, 0x0000000087080000, 0x00000000d5580000)
  object space 115200K, 99% used [0x0000000080000000,0x0000000086fdfd88,0x0000000087080000)
 Metaspace       used 66549K, committed 67968K, reserved 1114112K
  class space    used 7058K, committed 7616K, reserved 1048576K
}
Event: 208.180 GC heap before
{Heap before GC invocations=144 (full 3):
 PSYoungGen      total 8192K, used 8173K [0x00000000d5580000, 0x00000000d5f80000, 0x0000000100000000)
  eden space 7168K, 100% used [0x00000000d5580000,0x00000000d5c80000,0x00000000d5c80000)
  from space 1024K, 98% used [0x00000000d5e00000,0x00000000d5efb510,0x00000000d5f00000)
  to   space 1536K, 0% used [0x00000000d5c80000,0x00000000d5c80000,0x00000000d5e00000)
 ParOldGen       total 115200K, used 114559K [0x0000000080000000, 0x0000000087080000, 0x00000000d5580000)
  object space 115200K, 99% used [0x0000000080000000,0x0000000086fdfd88,0x0000000087080000)
 Metaspace       used 66585K, committed 68032K, reserved 1114112K
  class space    used 7059K, committed 7616K, reserved 1048576K
}
Event: 208.183 GC heap after
{Heap after GC invocations=144 (full 3):
 PSYoungGen      total 8704K, used 1512K [0x00000000d5580000, 0x00000000d6280000, 0x0000000100000000)
  eden space 7168K, 0% used [0x00000000d5580000,0x00000000d5580000,0x00000000d5c80000)
  from space 1536K, 98% used [0x00000000d5c80000,0x00000000d5dfa1e0,0x00000000d5e00000)
  to   space 3072K, 0% used [0x00000000d5f80000,0x00000000d5f80000,0x00000000d6280000)
 ParOldGen       total 116224K, used 115715K [0x0000000080000000, 0x0000000087180000, 0x00000000d5580000)
  object space 116224K, 99% used [0x0000000080000000,0x0000000087100ca0,0x0000000087180000)
 Metaspace       used 66585K, committed 68032K, reserved 1114112K
  class space    used 7059K, committed 7616K, reserved 1048576K
}
Event: 208.347 GC heap before
{Heap before GC invocations=145 (full 3):
 PSYoungGen      total 8704K, used 8670K [0x00000000d5580000, 0x00000000d6280000, 0x0000000100000000)
  eden space 7168K, 99% used [0x00000000d5580000,0x00000000d5c7d680,0x00000000d5c80000)
  from space 1536K, 98% used [0x00000000d5c80000,0x00000000d5dfa1e0,0x00000000d5e00000)
  to   space 3072K, 0% used [0x00000000d5f80000,0x00000000d5f80000,0x00000000d6280000)
 ParOldGen       total 116224K, used 115715K [0x0000000080000000, 0x0000000087180000, 0x00000000d5580000)
  object space 116224K, 99% used [0x0000000080000000,0x0000000087100ca0,0x0000000087180000)
 Metaspace       used 66630K, committed 68160K, reserved 1114112K
  class space    used 7060K, committed 7616K, reserved 1048576K
}
Event: 208.349 GC heap after
{Heap after GC invocations=145 (full 3):
 PSYoungGen      total 8704K, used 1266K [0x00000000d5580000, 0x00000000d6100000, 0x0000000100000000)
  eden space 7168K, 0% used [0x00000000d5580000,0x00000000d5580000,0x00000000d5c80000)
  from space 1536K, 82% used [0x00000000d5f80000,0x00000000d60bcba8,0x00000000d6100000)
  to   space 2048K, 0% used [0x00000000d5d00000,0x00000000d5d00000,0x00000000d5f00000)
 ParOldGen       total 116224K, used 115811K [0x0000000080000000, 0x0000000087180000, 0x00000000d5580000)
  object space 116224K, 99% used [0x0000000080000000,0x0000000087118ca0,0x0000000087180000)
 Metaspace       used 66630K, committed 68160K, reserved 1114112K
  class space    used 7060K, committed 7616K, reserved 1048576K
}
Event: 208.463 GC heap before
{Heap before GC invocations=146 (full 3):
 PSYoungGen      total 8704K, used 8434K [0x00000000d5580000, 0x00000000d6100000, 0x0000000100000000)
  eden space 7168K, 100% used [0x00000000d5580000,0x00000000d5c80000,0x00000000d5c80000)
  from space 1536K, 82% used [0x00000000d5f80000,0x00000000d60bcba8,0x00000000d6100000)
  to   space 2048K, 0% used [0x00000000d5d00000,0x00000000d5d00000,0x00000000d5f00000)
 ParOldGen       total 116224K, used 115811K [0x0000000080000000, 0x0000000087180000, 0x00000000d5580000)
  object space 116224K, 99% used [0x0000000080000000,0x0000000087118ca0,0x0000000087180000)
 Metaspace       used 66735K, committed 68288K, reserved 1114112K
  class space    used 7068K, committed 7680K, reserved 1048576K
}
Event: 208.465 GC heap after
{Heap after GC invocations=146 (full 3):
 PSYoungGen      total 8192K, used 907K [0x00000000d5580000, 0x00000000d6000000, 0x0000000100000000)
  eden space 7168K, 0% used [0x00000000d5580000,0x00000000d5580000,0x00000000d5c80000)
  from space 1024K, 88% used [0x00000000d5d00000,0x00000000d5de2c88,0x00000000d5e00000)
  to   space 1536K, 0% used [0x00000000d5e80000,0x00000000d5e80000,0x00000000d6000000)
 ParOldGen       total 116736K, used 116539K [0x0000000080000000, 0x0000000087200000, 0x00000000d5580000)
  object space 116736K, 99% used [0x0000000080000000,0x00000000871cecc0,0x0000000087200000)
 Metaspace       used 66735K, committed 68288K, reserved 1114112K
  class space    used 7068K, committed 7680K, reserved 1048576K
}
Event: 306.364 GC heap before
{Heap before GC invocations=147 (full 3):
 PSYoungGen      total 8192K, used 8075K [0x00000000d5580000, 0x00000000d6000000, 0x0000000100000000)
  eden space 7168K, 100% used [0x00000000d5580000,0x00000000d5c80000,0x00000000d5c80000)
  from space 1024K, 88% used [0x00000000d5d00000,0x00000000d5de2c88,0x00000000d5e00000)
  to   space 1536K, 0% used [0x00000000d5e80000,0x00000000d5e80000,0x00000000d6000000)
 ParOldGen       total 116736K, used 116539K [0x0000000080000000, 0x0000000087200000, 0x00000000d5580000)
  object space 116736K, 99% used [0x0000000080000000,0x00000000871cecc0,0x0000000087200000)
 Metaspace       used 66986K, committed 68480K, reserved 1114112K
  class space    used 7089K, committed 7680K, reserved 1048576K
}
Event: 306.366 GC heap after
{Heap after GC invocations=147 (full 3):
 PSYoungGen      total 7680K, used 416K [0x00000000d5580000, 0x00000000d5f00000, 0x0000000100000000)
  eden space 7168K, 0% used [0x00000000d5580000,0x00000000d5580000,0x00000000d5c80000)
  from space 512K, 81% used [0x00000000d5e80000,0x00000000d5ee8000,0x00000000d5f00000)
  to   space 1024K, 0% used [0x00000000d5d00000,0x00000000d5d00000,0x00000000d5e00000)
 ParOldGen       total 117760K, used 117251K [0x0000000080000000, 0x0000000087300000, 0x00000000d5580000)
  object space 117760K, 99% used [0x0000000080000000,0x0000000087280d48,0x0000000087300000)
 Metaspace       used 66986K, committed 68480K, reserved 1114112K
  class space    used 7089K, committed 7680K, reserved 1048576K
}
Event: 501.951 GC heap before
{Heap before GC invocations=148 (full 3):
 PSYoungGen      total 7680K, used 7571K [0x00000000d5580000, 0x00000000d5f00000, 0x0000000100000000)
  eden space 7168K, 99% used [0x00000000d5580000,0x00000000d5c7ccd0,0x00000000d5c80000)
  from space 512K, 81% used [0x00000000d5e80000,0x00000000d5ee8000,0x00000000d5f00000)
  to   space 1024K, 0% used [0x00000000d5d00000,0x00000000d5d00000,0x00000000d5e00000)
 ParOldGen       total 117760K, used 117251K [0x0000000080000000, 0x0000000087300000, 0x00000000d5580000)
  object space 117760K, 99% used [0x0000000080000000,0x0000000087280d48,0x0000000087300000)
 Metaspace       used 67128K, committed 68608K, reserved 1114112K
  class space    used 7100K, committed 7680K, reserved 1048576K
}
Event: 501.955 GC heap after
{Heap after GC invocations=148 (full 3):
 PSYoungGen      total 8192K, used 1018K [0x00000000d5580000, 0x00000000d6080000, 0x0000000100000000)
  eden space 7168K, 0% used [0x00000000d5580000,0x00000000d5580000,0x00000000d5c80000)
  from space 1024K, 99% used [0x00000000d5d00000,0x00000000d5dfe888,0x00000000d5e00000)
  to   space 2048K, 0% used [0x00000000d5e80000,0x00000000d5e80000,0x00000000d6080000)
 ParOldGen       total 118272K, used 117866K [0x0000000080000000, 0x0000000087380000, 0x00000000d5580000)
  object space 118272K, 99% used [0x0000000080000000,0x000000008731a8e8,0x0000000087380000)
 Metaspace       used 67128K, committed 68608K, reserved 1114112K
  class space    used 7100K, committed 7680K, reserved 1048576K
}
Event: 1710.940 GC heap before
{Heap before GC invocations=149 (full 3):
 PSYoungGen      total 8192K, used 8186K [0x00000000d5580000, 0x00000000d6080000, 0x0000000100000000)
  eden space 7168K, 100% used [0x00000000d5580000,0x00000000d5c80000,0x00000000d5c80000)
  from space 1024K, 99% used [0x00000000d5d00000,0x00000000d5dfe888,0x00000000d5e00000)
  to   space 2048K, 0% used [0x00000000d5e80000,0x00000000d5e80000,0x00000000d6080000)
 ParOldGen       total 118272K, used 117866K [0x0000000080000000, 0x0000000087380000, 0x00000000d5580000)
  object space 118272K, 99% used [0x0000000080000000,0x000000008731a8e8,0x0000000087380000)
 Metaspace       used 67229K, committed 68736K, reserved 1114112K
  class space    used 7101K, committed 7680K, reserved 1048576K
}
Event: 1710.943 GC heap after
{Heap after GC invocations=149 (full 3):
 PSYoungGen      total 7680K, used 496K [0x00000000d5580000, 0x00000000d5f00000, 0x0000000100000000)
  eden space 7168K, 0% used [0x00000000d5580000,0x00000000d5580000,0x00000000d5c80000)
  from space 512K, 96% used [0x00000000d5e80000,0x00000000d5efc030,0x00000000d5f00000)
  to   space 1024K, 0% used [0x00000000d5d00000,0x00000000d5d00000,0x00000000d5e00000)
 ParOldGen       total 118784K, used 118406K [0x0000000080000000, 0x0000000087400000, 0x00000000d5580000)
  object space 118784K, 99% used [0x0000000080000000,0x00000000873a1b28,0x0000000087400000)
 Metaspace       used 67229K, committed 68736K, reserved 1114112K
  class space    used 7101K, committed 7680K, reserved 1048576K
}
Event: 1737.442 GC heap before
{Heap before GC invocations=150 (full 3):
 PSYoungGen      total 7680K, used 7664K [0x00000000d5580000, 0x00000000d5f00000, 0x0000000100000000)
  eden space 7168K, 100% used [0x00000000d5580000,0x00000000d5c80000,0x00000000d5c80000)
  from space 512K, 96% used [0x00000000d5e80000,0x00000000d5efc030,0x00000000d5f00000)
  to   space 1024K, 0% used [0x00000000d5d00000,0x00000000d5d00000,0x00000000d5e00000)
 ParOldGen       total 118784K, used 118406K [0x0000000080000000, 0x0000000087400000, 0x00000000d5580000)
  object space 118784K, 99% used [0x0000000080000000,0x00000000873a1b28,0x0000000087400000)
 Metaspace       used 67282K, committed 68736K, reserved 1114112K
  class space    used 7102K, committed 7680K, reserved 1048576K
}
Event: 1737.446 GC heap after
{Heap after GC invocations=150 (full 3):
 PSYoungGen      total 8192K, used 544K [0x00000000d5580000, 0x00000000d5f00000, 0x0000000100000000)
  eden space 7168K, 0% used [0x00000000d5580000,0x00000000d5580000,0x00000000d5c80000)
  from space 1024K, 53% used [0x00000000d5d00000,0x00000000d5d88000,0x00000000d5e00000)
  to   space 1024K, 0% used [0x00000000d5e00000,0x00000000d5e00000,0x00000000d5f00000)
 ParOldGen       total 118784K, used 118646K [0x0000000080000000, 0x0000000087400000, 0x00000000d5580000)
  object space 118784K, 99% used [0x0000000080000000,0x00000000873ddb48,0x0000000087400000)
 Metaspace       used 67282K, committed 68736K, reserved 1114112K
  class space    used 7102K, committed 7680K, reserved 1048576K
}
Event: 9363.358 GC heap before
{Heap before GC invocations=151 (full 3):
 PSYoungGen      total 8192K, used 7712K [0x00000000d5580000, 0x00000000d5f00000, 0x0000000100000000)
  eden space 7168K, 100% used [0x00000000d5580000,0x00000000d5c80000,0x00000000d5c80000)
  from space 1024K, 53% used [0x00000000d5d00000,0x00000000d5d88000,0x00000000d5e00000)
  to   space 1024K, 0% used [0x00000000d5e00000,0x00000000d5e00000,0x00000000d5f00000)
 ParOldGen       total 118784K, used 118646K [0x0000000080000000, 0x0000000087400000, 0x00000000d5580000)
  object space 118784K, 99% used [0x0000000080000000,0x00000000873ddb48,0x0000000087400000)
 Metaspace       used 67348K, committed 68800K, reserved 1114112K
  class space    used 7102K, committed 7680K, reserved 1048576K
}
Event: 9363.360 GC heap after
{Heap after GC invocations=151 (full 3):
 PSYoungGen      total 8192K, used 560K [0x00000000d5580000, 0x00000000d5f00000, 0x0000000100000000)
  eden space 7168K, 0% used [0x00000000d5580000,0x00000000d5580000,0x00000000d5c80000)
  from space 1024K, 54% used [0x00000000d5e00000,0x00000000d5e8c030,0x00000000d5f00000)
  to   space 1024K, 0% used [0x00000000d5d00000,0x00000000d5d00000,0x00000000d5e00000)
 ParOldGen       total 118784K, used 118702K [0x0000000080000000, 0x0000000087400000, 0x00000000d5580000)
  object space 118784K, 99% used [0x0000000080000000,0x00000000873ebb48,0x0000000087400000)
 Metaspace       used 67348K, committed 68800K, reserved 1114112K
  class space    used 7102K, committed 7680K, reserved 1048576K
}
Event: 11810.008 GC heap before
{Heap before GC invocations=152 (full 3):
 PSYoungGen      total 8192K, used 7728K [0x00000000d5580000, 0x00000000d5f00000, 0x0000000100000000)
  eden space 7168K, 100% used [0x00000000d5580000,0x00000000d5c80000,0x00000000d5c80000)
  from space 1024K, 54% used [0x00000000d5e00000,0x00000000d5e8c030,0x00000000d5f00000)
  to   space 1024K, 0% used [0x00000000d5d00000,0x00000000d5d00000,0x00000000d5e00000)
 ParOldGen       total 118784K, used 118702K [0x0000000080000000, 0x0000000087400000, 0x00000000d5580000)
  object space 118784K, 99% used [0x0000000080000000,0x00000000873ebb48,0x0000000087400000)
 Metaspace       used 67410K, committed 68864K, reserved 1114112K
  class space    used 7102K, committed 7680K, reserved 1048576K
}
Event: 11810.013 GC heap after
{Heap after GC invocations=152 (full 3):
 PSYoungGen      total 8192K, used 192K [0x00000000d5580000, 0x00000000d5e80000, 0x0000000100000000)
  eden space 7168K, 0% used [0x00000000d5580000,0x00000000d5580000,0x00000000d5c80000)
  from space 1024K, 18% used [0x00000000d5d00000,0x00000000d5d30000,0x00000000d5e00000)
  to   space 512K, 0% used [0x00000000d5e00000,0x00000000d5e00000,0x00000000d5e80000)
 ParOldGen       total 118784K, used 118750K [0x0000000080000000, 0x0000000087400000, 0x00000000d5580000)
  object space 118784K, 99% used [0x0000000080000000,0x00000000873f7b48,0x0000000087400000)
 Metaspace       used 67410K, committed 68864K, reserved 1114112K
  class space    used 7102K, committed 7680K, reserved 1048576K
}

