# JRE version: Java(TM) SE Runtime Environment (23.0.2+7) (build 23.0.2+7-58)
# Java VM: Java HotSpot(TM) 64-Bit Server VM (23.0.2+7-58, mixed mode, sharing, tiered, compressed oops, compressed class ptrs, g1 gc, windows-amd64)
GC Precious Log:
 CardTable entry size: 512
 Card Set container configuration: InlinePtr #cards 5 size 8 Array Of Cards #cards 10 size 36 Howl #buckets 4 coarsen threshold 1843 Howl Bitmap #cards 512 size 80 coarsen threshold 460 Card regions per heap region 1 cards per card region 2048
 CPUs: 8 total, 8 available
 Memory: 16067M
 Large Page Support: Disabled
 NUMA Support: Disabled
 Compressed Oops: Enabled (32-bit)
 Heap Region Size: 1M
 Heap Min Capacity: 32M
 Heap Initial Capacity: 32M
 Heap Max Capacity: 96M
 Pre-touch: Disabled
 Parallel Workers: 8
 Concurrent Workers: 2
 Concurrent Refinement Workers: 8
 Periodic GC: Disabled
Heap:
 garbage-first heap   total reserved 98304K, committed 87040K, used 73130K [0x00000000fa000000, 0x0000000100000000)
  region size 1024K, 23 young (23552K), 2 survivors (2048K)
 Metaspace       used 38607K, committed 39168K, reserved 147456K
  class space    used 4504K, committed 4736K, reserved 81920K
GC Heap History (20 events):
Event: 9.767 GC heap before
{Heap before GC invocations=18 (full 0):
 garbage-first heap   total reserved 98304K, committed 86016K, used 64512K [0x00000000fa000000, 0x0000000100000000)
  region size 1024K, 31 young (31744K), 5 survivors (5120K)
 Metaspace       used 28592K, committed 29056K, reserved 147456K
  class space    used 3371K, committed 3584K, reserved 81920K
}
Event: 9.777 GC heap after
{Heap after GC invocations=19 (full 0):
 garbage-first heap   total reserved 98304K, committed 86016K, used 39936K [0x00000000fa000000, 0x0000000100000000)
  region size 1024K, 1 young (1024K), 1 survivors (1024K)
 Metaspace       used 28592K, committed 29056K, reserved 147456K
  class space    used 3371K, committed 3584K, reserved 81920K
}
Event: 9.842 GC heap before
{Heap before GC invocations=19 (full 0):
 garbage-first heap   total reserved 98304K, committed 86016K, used 45056K [0x00000000fa000000, 0x0000000100000000)
  region size 1024K, 7 young (7168K), 1 survivors (1024K)
 Metaspace       used 28662K, committed 29120K, reserved 147456K
  class space    used 3377K, committed 3584K, reserved 81920K
}
Event: 9.845 GC heap after
{Heap after GC invocations=20 (full 0):
 garbage-first heap   total reserved 98304K, committed 86016K, used 39680K [0x00000000fa000000, 0x0000000100000000)
  region size 1024K, 1 young (1024K), 1 survivors (1024K)
 Metaspace       used 28662K, committed 29120K, reserved 147456K
  class space    used 3377K, committed 3584K, reserved 81920K
}
Event: 10.308 GC heap before
{Heap before GC invocations=21 (full 0):
 garbage-first heap   total reserved 98304K, committed 86016K, used 68352K [0x00000000fa000000, 0x0000000100000000)
  region size 1024K, 31 young (31744K), 1 survivors (1024K)
 Metaspace       used 29282K, committed 29824K, reserved 147456K
  class space    used 3438K, committed 3712K, reserved 81920K
}
Event: 10.313 GC heap after
{Heap after GC invocations=22 (full 0):
 garbage-first heap   total reserved 98304K, committed 86016K, used 38214K [0x00000000fa000000, 0x0000000100000000)
  region size 1024K, 2 young (2048K), 2 survivors (2048K)
 Metaspace       used 29282K, committed 29824K, reserved 147456K
  class space    used 3438K, committed 3712K, reserved 81920K
}
Event: 11.144 GC heap before
{Heap before GC invocations=22 (full 0):
 garbage-first heap   total reserved 98304K, committed 86016K, used 72006K [0x00000000fa000000, 0x0000000100000000)
  region size 1024K, 35 young (35840K), 2 survivors (2048K)
 Metaspace       used 30986K, committed 31552K, reserved 147456K
  class space    used 3646K, committed 3904K, reserved 81920K
}
Event: 11.154 GC heap after
{Heap after GC invocations=23 (full 0):
 garbage-first heap   total reserved 98304K, committed 86016K, used 38563K [0x00000000fa000000, 0x0000000100000000)
  region size 1024K, 3 young (3072K), 3 survivors (3072K)
 Metaspace       used 30986K, committed 31552K, reserved 147456K
  class space    used 3646K, committed 3904K, reserved 81920K
}
Event: 11.726 GC heap before
{Heap before GC invocations=23 (full 0):
 garbage-first heap   total reserved 98304K, committed 86016K, used 51875K [0x00000000fa000000, 0x0000000100000000)
  region size 1024K, 16 young (16384K), 3 survivors (3072K)
 Metaspace       used 31125K, committed 31680K, reserved 147456K
  class space    used 3653K, committed 3904K, reserved 81920K
}
Event: 11.733 GC heap after
{Heap after GC invocations=24 (full 0):
 garbage-first heap   total reserved 98304K, committed 86016K, used 38918K [0x00000000fa000000, 0x0000000100000000)
  region size 1024K, 3 young (3072K), 3 survivors (3072K)
 Metaspace       used 31125K, committed 31680K, reserved 147456K
  class space    used 3653K, committed 3904K, reserved 81920K
}
Event: 11.943 GC heap before
{Heap before GC invocations=24 (full 0):
 garbage-first heap   total reserved 98304K, committed 86016K, used 56326K [0x00000000fa000000, 0x0000000100000000)
  region size 1024K, 19 young (19456K), 3 survivors (3072K)
 Metaspace       used 31162K, committed 31744K, reserved 147456K
  class space    used 3653K, committed 3904K, reserved 81920K
}
Event: 11.959 GC heap after
{Heap after GC invocations=25 (full 0):
 garbage-first heap   total reserved 98304K, committed 86016K, used 48624K [0x00000000fa000000, 0x0000000100000000)
  region size 1024K, 5 young (5120K), 5 survivors (5120K)
 Metaspace       used 31162K, committed 31744K, reserved 147456K
  class space    used 3653K, committed 3904K, reserved 81920K
}
Event: 12.183 GC heap before
{Heap before GC invocations=26 (full 0):
 garbage-first heap   total reserved 98304K, committed 86016K, used 71152K [0x00000000fa000000, 0x0000000100000000)
  region size 1024K, 25 young (25600K), 5 survivors (5120K)
 Metaspace       used 31181K, committed 31744K, reserved 147456K
  class space    used 3653K, committed 3904K, reserved 81920K
}
Event: 12.197 GC heap after
{Heap after GC invocations=27 (full 0):
 garbage-first heap   total reserved 98304K, committed 86016K, used 57123K [0x00000000fa000000, 0x0000000100000000)
  region size 1024K, 4 young (4096K), 4 survivors (4096K)
 Metaspace       used 31181K, committed 31744K, reserved 147456K
  class space    used 3653K, committed 3904K, reserved 81920K
}
Event: 12.582 GC heap before
{Heap before GC invocations=27 (full 0):
 garbage-first heap   total reserved 98304K, committed 86016K, used 72483K [0x00000000fa000000, 0x0000000100000000)
  region size 1024K, 20 young (20480K), 4 survivors (4096K)
 Metaspace       used 31677K, committed 32256K, reserved 147456K
  class space    used 3709K, committed 3968K, reserved 81920K
}
Event: 12.597 GC heap after
{Heap after GC invocations=28 (full 0):
 garbage-first heap   total reserved 98304K, committed 86016K, used 52630K [0x00000000fa000000, 0x0000000100000000)
  region size 1024K, 3 young (3072K), 3 survivors (3072K)
 Metaspace       used 31677K, committed 32256K, reserved 147456K
  class space    used 3709K, committed 3968K, reserved 81920K
}
Event: 12.957 GC heap before
{Heap before GC invocations=28 (full 0):
 garbage-first heap   total reserved 98304K, committed 86016K, used 71062K [0x00000000fa000000, 0x0000000100000000)
  region size 1024K, 22 young (22528K), 3 survivors (3072K)
 Metaspace       used 32502K, committed 33024K, reserved 147456K
  class space    used 3814K, committed 4096K, reserved 81920K
}
Event: 12.962 GC heap after
{Heap after GC invocations=29 (full 0):
 garbage-first heap   total reserved 98304K, committed 86016K, used 52971K [0x00000000fa000000, 0x0000000100000000)
  region size 1024K, 1 young (1024K), 1 survivors (1024K)
 Metaspace       used 32502K, committed 33024K, reserved 147456K
  class space    used 3814K, committed 4096K, reserved 81920K
}
Event: 13.451 GC heap before
{Heap before GC invocations=30 (full 0):
 garbage-first heap   total reserved 98304K, committed 87040K, used 72427K [0x00000000fa000000, 0x0000000100000000)
  region size 1024K, 21 young (21504K), 1 survivors (1024K)
 Metaspace       used 31954K, committed 32576K, reserved 147456K
  class space    used 3694K, committed 4032K, reserved 81920K
}
Event: 13.456 GC heap after
{Heap after GC invocations=31 (full 0):
 garbage-first heap   total reserved 98304K, committed 87040K, used 52650K [0x00000000fa000000, 0x0000000100000000)
  region size 1024K, 2 young (2048K), 2 survivors (2048K)
 Metaspace       used 31954K, committed 32576K, reserved 147456K
  class space    used 3694K, committed 4032K, reserved 81920K
}

