# JRE version: OpenJDK Runtime Environment Temurin-21.0.9+10 (21.0.9+10) (build 21.0.9+10-LTS)
# Java VM: OpenJDK 64-Bit Server VM Temurin-21.0.9+10 (21.0.9+10-LTS, mixed mode, sharing, tiered, compressed oops, compressed class ptrs, parallel gc, windows-amd64)
GC Precious Log:
 CardTable entry size: 512
 CPUs: 8 total, 8 available
 Memory: 16067M
 Large Page Support: Disabled
 NUMA Support: Disabled
 Compressed Oops: Enabled (32-bit)
 Alignments: Space 512K, Generation 512K, Heap 2M
 Heap Min Capacity: 100M
 Heap Initial Capacity: 100M
 Heap Max Capacity: 2G
 Pre-touch: Disabled
 Parallel Workers: 8
Heap:
 PSYoungGen      total 8192K, used 1956K [0x00000000d5580000, 0x00000000d6280000, 0x0000000100000000)
  eden space 6144K, 1% used [0x00000000d5580000,0x00000000d5591038,0x00000000d5b80000)
  from space 2048K, 92% used [0x00000000d5b80000,0x00000000d5d58000,0x00000000d5d80000)
  to   space 3584K, 0% used [0x00000000d5f00000,0x00000000d5f00000,0x00000000d6280000)
 ParOldGen       total 195072K, used 194659K [0x0000000080000000, 0x000000008be80000, 0x00000000d5580000)
  object space 195072K, 99% used [0x0000000080000000,0x000000008be18ef8,0x000000008be80000)
 Metaspace       used 70510K, committed 72000K, reserved 1114112K
  class space    used 7495K, committed 8128K, reserved 1048576K
GC Heap History (20 events):
Event: 323.872 GC heap before
{Heap before GC invocations=87 (full 3):
 PSYoungGen      total 17920K, used 17440K [0x00000000d5580000, 0x00000000d7000000, 0x0000000100000000)
  eden space 11776K, 99% used [0x00000000d5580000,0x00000000d60ffff8,0x00000000d6100000)
  from space 6144K, 92% used [0x00000000d6400000,0x00000000d6988010,0x00000000d6a00000)
  to   space 6144K, 0% used [0x00000000d6a00000,0x00000000d6a00000,0x00000000d7000000)
 ParOldGen       total 132096K, used 131618K [0x0000000080000000, 0x0000000088100000, 0x00000000d5580000)
  object space 132096K, 99% used [0x0000000080000000,0x0000000088088890,0x0000000088100000)
 Metaspace       used 70365K, committed 71936K, reserved 1114112K
  class space    used 7494K, committed 8128K, reserved 1048576K
}
Event: 323.881 GC heap after
{Heap after GC invocations=87 (full 3):
 PSYoungGen      total 14336K, used 2288K [0x00000000d5580000, 0x00000000d6c80000, 0x0000000100000000)
  eden space 11776K, 0% used [0x00000000d5580000,0x00000000d5580000,0x00000000d6100000)
  from space 2560K, 89% used [0x00000000d6a00000,0x00000000d6c3c010,0x00000000d6c80000)
  to   space 4096K, 0% used [0x00000000d6480000,0x00000000d6480000,0x00000000d6880000)
 ParOldGen       total 136192K, used 136002K [0x0000000080000000, 0x0000000088500000, 0x00000000d5580000)
  object space 136192K, 99% used [0x0000000080000000,0x00000000884d0890,0x0000000088500000)
 Metaspace       used 70365K, committed 71936K, reserved 1114112K
  class space    used 7494K, committed 8128K, reserved 1048576K
}
Event: 324.492 GC heap before
{Heap before GC invocations=88 (full 3):
 PSYoungGen      total 14336K, used 14064K [0x00000000d5580000, 0x00000000d6c80000, 0x0000000100000000)
  eden space 11776K, 100% used [0x00000000d5580000,0x00000000d6100000,0x00000000d6100000)
  from space 2560K, 89% used [0x00000000d6a00000,0x00000000d6c3c010,0x00000000d6c80000)
  to   space 4096K, 0% used [0x00000000d6480000,0x00000000d6480000,0x00000000d6880000)
 ParOldGen       total 136192K, used 136002K [0x0000000080000000, 0x0000000088500000, 0x00000000d5580000)
  object space 136192K, 99% used [0x0000000080000000,0x00000000884d0890,0x0000000088500000)
 Metaspace       used 70400K, committed 71936K, reserved 1114112K
  class space    used 7494K, committed 8128K, reserved 1048576K
}
Event: 324.496 GC heap after
{Heap after GC invocations=88 (full 3):
 PSYoungGen      total 15872K, used 3799K [0x00000000d5580000, 0x00000000d6a80000, 0x0000000100000000)
  eden space 11776K, 0% used [0x00000000d5580000,0x00000000d5580000,0x00000000d6100000)
  from space 4096K, 92% used [0x00000000d6480000,0x00000000d6835f10,0x00000000d6880000)
  to   space 2048K, 0% used [0x00000000d6880000,0x00000000d6880000,0x00000000d6a80000)
 ParOldGen       total 138752K, used 138124K [0x0000000080000000, 0x0000000088780000, 0x00000000d5580000)
  object space 138752K, 99% used [0x0000000080000000,0x00000000886e31a0,0x0000000088780000)
 Metaspace       used 70400K, committed 71936K, reserved 1114112K
  class space    used 7494K, committed 8128K, reserved 1048576K
}
Event: 324.578 GC heap before
{Heap before GC invocations=89 (full 3):
 PSYoungGen      total 15872K, used 15575K [0x00000000d5580000, 0x00000000d6a80000, 0x0000000100000000)
  eden space 11776K, 100% used [0x00000000d5580000,0x00000000d6100000,0x00000000d6100000)
  from space 4096K, 92% used [0x00000000d6480000,0x00000000d6835f10,0x00000000d6880000)
  to   space 2048K, 0% used [0x00000000d6880000,0x00000000d6880000,0x00000000d6a80000)
 ParOldGen       total 138752K, used 138124K [0x0000000080000000, 0x0000000088780000, 0x00000000d5580000)
  object space 138752K, 99% used [0x0000000080000000,0x00000000886e31a0,0x0000000088780000)
 Metaspace       used 70407K, committed 71936K, reserved 1114112K
  class space    used 7494K, committed 8128K, reserved 1048576K
}
Event: 324.587 GC heap after
{Heap after GC invocations=89 (full 3):
 PSYoungGen      total 5120K, used 2047K [0x00000000d5580000, 0x00000000d8100000, 0x0000000100000000)
  eden space 3072K, 0% used [0x00000000d5580000,0x00000000d5580000,0x00000000d5880000)
  from space 2048K, 99% used [0x00000000d6880000,0x00000000d6a7fc48,0x00000000d6a80000)
  to   space 16384K, 0% used [0x00000000d5880000,0x00000000d5880000,0x00000000d6880000)
 ParOldGen       total 150528K, used 150308K [0x0000000080000000, 0x0000000089300000, 0x00000000d5580000)
  object space 150528K, 99% used [0x0000000080000000,0x00000000892c90c0,0x0000000089300000)
 Metaspace       used 70407K, committed 71936K, reserved 1114112K
  class space    used 7494K, committed 8128K, reserved 1048576K
}
Event: 324.603 GC heap before
{Heap before GC invocations=90 (full 3):
 PSYoungGen      total 5120K, used 5115K [0x00000000d5580000, 0x00000000d8100000, 0x0000000100000000)
  eden space 3072K, 99% used [0x00000000d5580000,0x00000000d587f290,0x00000000d5880000)
  from space 2048K, 99% used [0x00000000d6880000,0x00000000d6a7fc48,0x00000000d6a80000)
  to   space 16384K, 0% used [0x00000000d5880000,0x00000000d5880000,0x00000000d6880000)
 ParOldGen       total 150528K, used 150308K [0x0000000080000000, 0x0000000089300000, 0x00000000d5580000)
  object space 150528K, 99% used [0x0000000080000000,0x00000000892c90c0,0x0000000089300000)
 Metaspace       used 70421K, committed 71936K, reserved 1114112K
  class space    used 7494K, committed 8128K, reserved 1048576K
}
Event: 324.606 GC heap after
{Heap after GC invocations=90 (full 3):
 PSYoungGen      total 4608K, used 1466K [0x00000000d5580000, 0x00000000d6900000, 0x0000000100000000)
  eden space 3072K, 0% used [0x00000000d5580000,0x00000000d5580000,0x00000000d5880000)
  from space 1536K, 95% used [0x00000000d5880000,0x00000000d59ee800,0x00000000d5a00000)
  to   space 6144K, 0% used [0x00000000d6300000,0x00000000d6300000,0x00000000d6900000)
 ParOldGen       total 152576K, used 152364K [0x0000000080000000, 0x0000000089500000, 0x00000000d5580000)
  object space 152576K, 99% used [0x0000000080000000,0x00000000894cb048,0x0000000089500000)
 Metaspace       used 70421K, committed 71936K, reserved 1114112K
  class space    used 7494K, committed 8128K, reserved 1048576K
}
Event: 324.632 GC heap before
{Heap before GC invocations=91 (full 3):
 PSYoungGen      total 4608K, used 4537K [0x00000000d5580000, 0x00000000d6900000, 0x0000000100000000)
  eden space 3072K, 99% used [0x00000000d5580000,0x00000000d587fff0,0x00000000d5880000)
  from space 1536K, 95% used [0x00000000d5880000,0x00000000d59ee800,0x00000000d5a00000)
  to   space 6144K, 0% used [0x00000000d6300000,0x00000000d6300000,0x00000000d6900000)
 ParOldGen       total 152576K, used 152364K [0x0000000080000000, 0x0000000089500000, 0x00000000d5580000)
  object space 152576K, 99% used [0x0000000080000000,0x00000000894cb048,0x0000000089500000)
 Metaspace       used 70439K, committed 71936K, reserved 1114112K
  class space    used 7494K, committed 8128K, reserved 1048576K
}
Event: 324.636 GC heap after
{Heap after GC invocations=91 (full 3):
 PSYoungGen      total 5120K, used 2004K [0x00000000d5580000, 0x00000000d6500000, 0x0000000100000000)
  eden space 3072K, 0% used [0x00000000d5580000,0x00000000d5580000,0x00000000d5880000)
  from space 2048K, 97% used [0x00000000d6300000,0x00000000d64f5000,0x00000000d6500000)
  to   space 3072K, 0% used [0x00000000d5f00000,0x00000000d5f00000,0x00000000d6200000)
 ParOldGen       total 153600K, used 153284K [0x0000000080000000, 0x0000000089600000, 0x00000000d5580000)
  object space 153600K, 99% used [0x0000000080000000,0x00000000895b1048,0x0000000089600000)
 Metaspace       used 70439K, committed 71936K, reserved 1114112K
  class space    used 7494K, committed 8128K, reserved 1048576K
}
Event: 324.690 GC heap before
{Heap before GC invocations=92 (full 3):
 PSYoungGen      total 5120K, used 5076K [0x00000000d5580000, 0x00000000d6500000, 0x0000000100000000)
  eden space 3072K, 100% used [0x00000000d5580000,0x00000000d5880000,0x00000000d5880000)
  from space 2048K, 97% used [0x00000000d6300000,0x00000000d64f5000,0x00000000d6500000)
  to   space 3072K, 0% used [0x00000000d5f00000,0x00000000d5f00000,0x00000000d6200000)
 ParOldGen       total 185344K, used 184004K [0x0000000080000000, 0x000000008b500000, 0x00000000d5580000)
  object space 185344K, 99% used [0x0000000080000000,0x000000008b3b1078,0x000000008b500000)
 Metaspace       used 70448K, committed 71936K, reserved 1114112K
  class space    used 7494K, committed 8128K, reserved 1048576K
}
Event: 324.696 GC heap after
{Heap after GC invocations=92 (full 3):
 PSYoungGen      total 5632K, used 2088K [0x00000000d5580000, 0x00000000d6380000, 0x0000000100000000)
  eden space 3072K, 0% used [0x00000000d5580000,0x00000000d5580000,0x00000000d5880000)
  from space 2560K, 81% used [0x00000000d5f00000,0x00000000d610a000,0x00000000d6180000)
  to   space 2048K, 0% used [0x00000000d6180000,0x00000000d6180000,0x00000000d6380000)
 ParOldGen       total 185344K, used 185044K [0x0000000080000000, 0x000000008b500000, 0x00000000d5580000)
  object space 185344K, 99% used [0x0000000080000000,0x000000008b4b5078,0x000000008b500000)
 Metaspace       used 70448K, committed 71936K, reserved 1114112K
  class space    used 7494K, committed 8128K, reserved 1048576K
}
Event: 324.833 GC heap before
{Heap before GC invocations=93 (full 3):
 PSYoungGen      total 5632K, used 5160K [0x00000000d5580000, 0x00000000d6380000, 0x0000000100000000)
  eden space 3072K, 100% used [0x00000000d5580000,0x00000000d5880000,0x00000000d5880000)
  from space 2560K, 81% used [0x00000000d5f00000,0x00000000d610a000,0x00000000d6180000)
  to   space 2048K, 0% used [0x00000000d6180000,0x00000000d6180000,0x00000000d6380000)
 ParOldGen       total 185344K, used 185044K [0x0000000080000000, 0x000000008b500000, 0x00000000d5580000)
  object space 185344K, 99% used [0x0000000080000000,0x000000008b4b5078,0x000000008b500000)
 Metaspace       used 70464K, committed 71936K, reserved 1114112K
  class space    used 7494K, committed 8128K, reserved 1048576K
}
Event: 325.848 GC heap after
{Heap after GC invocations=93 (full 3):
 PSYoungGen      total 6144K, used 1783K [0x00000000d5580000, 0x00000000d6380000, 0x0000000100000000)
  eden space 4096K, 0% used [0x00000000d5580000,0x00000000d5580000,0x00000000d5980000)
  from space 2048K, 87% used [0x00000000d6180000,0x00000000d633de70,0x00000000d6380000)
  to   space 2048K, 0% used [0x00000000d5f80000,0x00000000d5f80000,0x00000000d6180000)
 ParOldGen       total 187392K, used 187060K [0x0000000080000000, 0x000000008b700000, 0x00000000d5580000)
  object space 187392K, 99% used [0x0000000080000000,0x000000008b6ad078,0x000000008b700000)
 Metaspace       used 70464K, committed 71936K, reserved 1114112K
  class space    used 7494K, committed 8128K, reserved 1048576K
}
Event: 325.868 GC heap before
{Heap before GC invocations=94 (full 3):
 PSYoungGen      total 6144K, used 5879K [0x00000000d5580000, 0x00000000d6380000, 0x0000000100000000)
  eden space 4096K, 100% used [0x00000000d5580000,0x00000000d5980000,0x00000000d5980000)
  from space 2048K, 87% used [0x00000000d6180000,0x00000000d633de70,0x00000000d6380000)
  to   space 2048K, 0% used [0x00000000d5f80000,0x00000000d5f80000,0x00000000d6180000)
 ParOldGen       total 187392K, used 187060K [0x0000000080000000, 0x000000008b700000, 0x00000000d5580000)
  object space 187392K, 99% used [0x0000000080000000,0x000000008b6ad078,0x000000008b700000)
 Metaspace       used 70467K, committed 71936K, reserved 1114112K
  class space    used 7494K, committed 8128K, reserved 1048576K
}
Event: 325.874 GC heap after
{Heap after GC invocations=94 (full 3):
 PSYoungGen      total 7168K, used 2048K [0x00000000d5580000, 0x00000000d6480000, 0x0000000100000000)
  eden space 5120K, 0% used [0x00000000d5580000,0x00000000d5580000,0x00000000d5a80000)
  from space 2048K, 100% used [0x00000000d5f80000,0x00000000d6180000,0x00000000d6180000)
  to   space 3072K, 0% used [0x00000000d6180000,0x00000000d6180000,0x00000000d6480000)
 ParOldGen       total 189952K, used 189483K [0x0000000080000000, 0x000000008b980000, 0x00000000d5580000)
  object space 189952K, 99% used [0x0000000080000000,0x000000008b90aef8,0x000000008b980000)
 Metaspace       used 70467K, committed 71936K, reserved 1114112K
  class space    used 7494K, committed 8128K, reserved 1048576K
}
Event: 325.906 GC heap before
{Heap before GC invocations=95 (full 3):
 PSYoungGen      total 7168K, used 7168K [0x00000000d5580000, 0x00000000d6480000, 0x0000000100000000)
  eden space 5120K, 100% used [0x00000000d5580000,0x00000000d5a80000,0x00000000d5a80000)
  from space 2048K, 100% used [0x00000000d5f80000,0x00000000d6180000,0x00000000d6180000)
  to   space 3072K, 0% used [0x00000000d6180000,0x00000000d6180000,0x00000000d6480000)
 ParOldGen       total 189952K, used 189483K [0x0000000080000000, 0x000000008b980000, 0x00000000d5580000)
  object space 189952K, 99% used [0x0000000080000000,0x000000008b90aef8,0x000000008b980000)
 Metaspace       used 70474K, committed 71936K, reserved 1114112K
  class space    used 7494K, committed 8128K, reserved 1048576K
}
Event: 325.913 GC heap after
{Heap after GC invocations=95 (full 3):
 PSYoungGen      total 9216K, used 3061K [0x00000000d5580000, 0x00000000d6680000, 0x0000000100000000)
  eden space 6144K, 0% used [0x00000000d5580000,0x00000000d5580000,0x00000000d5b80000)
  from space 3072K, 99% used [0x00000000d6180000,0x00000000d647d400,0x00000000d6480000)
  to   space 5632K, 0% used [0x00000000d5b80000,0x00000000d5b80000,0x00000000d6100000)
 ParOldGen       total 192000K, used 191659K [0x0000000080000000, 0x000000008bb80000, 0x00000000d5580000)
  object space 192000K, 99% used [0x0000000080000000,0x000000008bb2aef8,0x000000008bb80000)
 Metaspace       used 70474K, committed 71936K, reserved 1114112K
  class space    used 7494K, committed 8128K, reserved 1048576K
}
Event: 326.016 GC heap before
{Heap before GC invocations=96 (full 3):
 PSYoungGen      total 9216K, used 9204K [0x00000000d5580000, 0x00000000d6680000, 0x0000000100000000)
  eden space 6144K, 99% used [0x00000000d5580000,0x00000000d5b7ff90,0x00000000d5b80000)
  from space 3072K, 99% used [0x00000000d6180000,0x00000000d647d400,0x00000000d6480000)
  to   space 5632K, 0% used [0x00000000d5b80000,0x00000000d5b80000,0x00000000d6100000)
 ParOldGen       total 192000K, used 191659K [0x0000000080000000, 0x000000008bb80000, 0x00000000d5580000)
  object space 192000K, 99% used [0x0000000080000000,0x000000008bb2aef8,0x000000008bb80000)
 Metaspace       used 70510K, committed 72000K, reserved 1114112K
  class space    used 7495K, committed 8128K, reserved 1048576K
}
Event: 326.021 GC heap after
{Heap after GC invocations=96 (full 3):
 PSYoungGen      total 8192K, used 1888K [0x00000000d5580000, 0x00000000d6280000, 0x0000000100000000)
  eden space 6144K, 0% used [0x00000000d5580000,0x00000000d5580000,0x00000000d5b80000)
  from space 2048K, 92% used [0x00000000d5b80000,0x00000000d5d58000,0x00000000d5d80000)
  to   space 3584K, 0% used [0x00000000d5f00000,0x00000000d5f00000,0x00000000d6280000)
 ParOldGen       total 195072K, used 194659K [0x0000000080000000, 0x000000008be80000, 0x00000000d5580000)
  object space 195072K, 99% used [0x0000000080000000,0x000000008be18ef8,0x000000008be80000)
 Metaspace       used 70510K, committed 72000K, reserved 1114112K
  class space    used 7495K, committed 8128K, reserved 1048576K
}

