# JRE version: OpenJDK Runtime Environment Temurin-21.0.9+10 (21.0.9+10) (build 21.0.9+10-LTS)
# Java VM: OpenJDK 64-Bit Server VM Temurin-21.0.9+10 (21.0.9+10-LTS, mixed mode, sharing, tiered, compressed oops, compressed class ptrs, parallel gc, windows-amd64)
GC Precious Log:
 CardTable entry size: 512
 CPUs: 8 total, 8 available
 Memory: 16067M
 Large Page Support: Disabled
 NUMA Support: Disabled
 Compressed Oops: Enabled (32-bit)
 Alignments: Space 512K, Generation 512K, Heap 2M
 Heap Min Capacity: 100M
 Heap Initial Capacity: 100M
 Heap Max Capacity: 2G
 Pre-touch: Disabled
 Parallel Workers: 8
Heap:
 PSYoungGen      total 19968K, used 9268K [0x00000000d5580000, 0x00000000d6b00000, 0x0000000100000000)
  eden space 16384K, 51% used [0x00000000d5580000,0x00000000d5dc8c30,0x00000000d6580000)
  from space 3584K, 21% used [0x00000000d6600000,0x00000000d66c47b8,0x00000000d6980000)
  to   space 1536K, 0% used [0x00000000d6980000,0x00000000d6980000,0x00000000d6b00000)
 ParOldGen       total 68608K, used 56221K [0x0000000080000000, 0x0000000084300000, 0x00000000d5580000)
  object space 68608K, 81% used [0x0000000080000000,0x00000000836e7670,0x0000000084300000)
 Metaspace       used 54429K, committed 55744K, reserved 1114112K
  class space    used 5916K, committed 6464K, reserved 1048576K
GC Heap History (20 events):
Event: 4.710 GC heap before
{Heap before GC invocations=26 (full 2):
 PSYoungGen      total 23040K, used 22607K [0x00000000d5580000, 0x00000000d6f00000, 0x0000000100000000)
  eden space 20992K, 100% used [0x00000000d5580000,0x00000000d6a00000,0x00000000d6a00000)
  from space 2048K, 78% used [0x00000000d6c80000,0x00000000d6e13f28,0x00000000d6e80000)
  to   space 512K, 0% used [0x00000000d6e80000,0x00000000d6e80000,0x00000000d6f00000)
 ParOldGen       total 68608K, used 41049K [0x0000000080000000, 0x0000000084300000, 0x00000000d5580000)
  object space 68608K, 59% used [0x0000000080000000,0x00000000828166e0,0x0000000084300000)
 Metaspace       used 42219K, committed 43456K, reserved 1114112K
  class space    used 4517K, committed 5056K, reserved 1048576K
}
Event: 4.716 GC heap after
{Heap after GC invocations=26 (full 2):
 PSYoungGen      total 16896K, used 512K [0x00000000d5580000, 0x00000000d7c00000, 0x0000000100000000)
  eden space 16384K, 0% used [0x00000000d5580000,0x00000000d5580000,0x00000000d6580000)
  from space 512K, 100% used [0x00000000d6e80000,0x00000000d6f00000,0x00000000d6f00000)
  to   space 9216K, 0% used [0x00000000d6580000,0x00000000d6580000,0x00000000d6e80000)
 ParOldGen       total 68608K, used 48420K [0x0000000080000000, 0x0000000084300000, 0x00000000d5580000)
  object space 68608K, 70% used [0x0000000080000000,0x0000000082f49258,0x0000000084300000)
 Metaspace       used 42219K, committed 43456K, reserved 1114112K
  class space    used 4517K, committed 5056K, reserved 1048576K
}
Event: 4.836 GC heap before
{Heap before GC invocations=27 (full 2):
 PSYoungGen      total 16896K, used 16896K [0x00000000d5580000, 0x00000000d7c00000, 0x0000000100000000)
  eden space 16384K, 100% used [0x00000000d5580000,0x00000000d6580000,0x00000000d6580000)
  from space 512K, 100% used [0x00000000d6e80000,0x00000000d6f00000,0x00000000d6f00000)
  to   space 9216K, 0% used [0x00000000d6580000,0x00000000d6580000,0x00000000d6e80000)
 ParOldGen       total 68608K, used 48420K [0x0000000080000000, 0x0000000084300000, 0x00000000d5580000)
  object space 68608K, 70% used [0x0000000080000000,0x0000000082f49258,0x0000000084300000)
 Metaspace       used 44535K, committed 45760K, reserved 1114112K
  class space    used 4772K, committed 5312K, reserved 1048576K
}
Event: 4.838 GC heap after
{Heap after GC invocations=27 (full 2):
 PSYoungGen      total 17408K, used 774K [0x00000000d5580000, 0x00000000d6f00000, 0x0000000100000000)
  eden space 16384K, 0% used [0x00000000d5580000,0x00000000d5580000,0x00000000d6580000)
  from space 1024K, 75% used [0x00000000d6580000,0x00000000d6641920,0x00000000d6680000)
  to   space 3584K, 0% used [0x00000000d6b80000,0x00000000d6b80000,0x00000000d6f00000)
 ParOldGen       total 68608K, used 48927K [0x0000000080000000, 0x0000000084300000, 0x00000000d5580000)
  object space 68608K, 71% used [0x0000000080000000,0x0000000082fc7ff0,0x0000000084300000)
 Metaspace       used 44535K, committed 45760K, reserved 1114112K
  class space    used 4772K, committed 5312K, reserved 1048576K
}
Event: 5.040 GC heap before
{Heap before GC invocations=28 (full 2):
 PSYoungGen      total 17408K, used 17158K [0x00000000d5580000, 0x00000000d6f00000, 0x0000000100000000)
  eden space 16384K, 100% used [0x00000000d5580000,0x00000000d6580000,0x00000000d6580000)
  from space 1024K, 75% used [0x00000000d6580000,0x00000000d6641920,0x00000000d6680000)
  to   space 3584K, 0% used [0x00000000d6b80000,0x00000000d6b80000,0x00000000d6f00000)
 ParOldGen       total 68608K, used 48927K [0x0000000080000000, 0x0000000084300000, 0x00000000d5580000)
  object space 68608K, 71% used [0x0000000080000000,0x0000000082fc7ff0,0x0000000084300000)
 Metaspace       used 46258K, committed 47552K, reserved 1114112K
  class space    used 4986K, committed 5568K, reserved 1048576K
}
Event: 5.042 GC heap after
{Heap after GC invocations=28 (full 2):
 PSYoungGen      total 17920K, used 1060K [0x00000000d5580000, 0x00000000d6d00000, 0x0000000100000000)
  eden space 16384K, 0% used [0x00000000d5580000,0x00000000d5580000,0x00000000d6580000)
  from space 1536K, 69% used [0x00000000d6b80000,0x00000000d6c893d8,0x00000000d6d00000)
  to   space 1536K, 0% used [0x00000000d6a00000,0x00000000d6a00000,0x00000000d6b80000)
 ParOldGen       total 68608K, used 49411K [0x0000000080000000, 0x0000000084300000, 0x00000000d5580000)
  object space 68608K, 72% used [0x0000000080000000,0x0000000083040ce0,0x0000000084300000)
 Metaspace       used 46258K, committed 47552K, reserved 1114112K
  class space    used 4986K, committed 5568K, reserved 1048576K
}
Event: 5.242 GC heap before
{Heap before GC invocations=29 (full 2):
 PSYoungGen      total 17920K, used 17444K [0x00000000d5580000, 0x00000000d6d00000, 0x0000000100000000)
  eden space 16384K, 100% used [0x00000000d5580000,0x00000000d6580000,0x00000000d6580000)
  from space 1536K, 69% used [0x00000000d6b80000,0x00000000d6c893d8,0x00000000d6d00000)
  to   space 1536K, 0% used [0x00000000d6a00000,0x00000000d6a00000,0x00000000d6b80000)
 ParOldGen       total 68608K, used 49411K [0x0000000080000000, 0x0000000084300000, 0x00000000d5580000)
  object space 68608K, 72% used [0x0000000080000000,0x0000000083040ce0,0x0000000084300000)
 Metaspace       used 47635K, committed 48960K, reserved 1114112K
  class space    used 5172K, committed 5760K, reserved 1048576K
}
Event: 5.244 GC heap after
{Heap after GC invocations=29 (full 2):
 PSYoungGen      total 17408K, used 640K [0x00000000d5580000, 0x00000000d6c00000, 0x0000000100000000)
  eden space 16384K, 0% used [0x00000000d5580000,0x00000000d5580000,0x00000000d6580000)
  from space 1024K, 62% used [0x00000000d6a00000,0x00000000d6aa0000,0x00000000d6b00000)
  to   space 1024K, 0% used [0x00000000d6b00000,0x00000000d6b00000,0x00000000d6c00000)
 ParOldGen       total 68608K, used 50339K [0x0000000080000000, 0x0000000084300000, 0x00000000d5580000)
  object space 68608K, 73% used [0x0000000080000000,0x0000000083128c10,0x0000000084300000)
 Metaspace       used 47635K, committed 48960K, reserved 1114112K
  class space    used 5172K, committed 5760K, reserved 1048576K
}
Event: 5.525 GC heap before
{Heap before GC invocations=30 (full 2):
 PSYoungGen      total 17408K, used 16964K [0x00000000d5580000, 0x00000000d6c00000, 0x0000000100000000)
  eden space 16384K, 99% used [0x00000000d5580000,0x00000000d6571230,0x00000000d6580000)
  from space 1024K, 62% used [0x00000000d6a00000,0x00000000d6aa0000,0x00000000d6b00000)
  to   space 1024K, 0% used [0x00000000d6b00000,0x00000000d6b00000,0x00000000d6c00000)
 ParOldGen       total 68608K, used 50339K [0x0000000080000000, 0x0000000084300000, 0x00000000d5580000)
  object space 68608K, 73% used [0x0000000080000000,0x0000000083128c10,0x0000000084300000)
 Metaspace       used 48889K, committed 50112K, reserved 1114112K
  class space    used 5345K, committed 5888K, reserved 1048576K
}
Event: 5.527 GC heap after
{Heap after GC invocations=30 (full 2):
 PSYoungGen      total 17408K, used 832K [0x00000000d5580000, 0x00000000d6c00000, 0x0000000100000000)
  eden space 16384K, 0% used [0x00000000d5580000,0x00000000d5580000,0x00000000d6580000)
  from space 1024K, 81% used [0x00000000d6b00000,0x00000000d6bd0000,0x00000000d6c00000)
  to   space 1024K, 0% used [0x00000000d6a00000,0x00000000d6a00000,0x00000000d6b00000)
 ParOldGen       total 68608K, used 50839K [0x0000000080000000, 0x0000000084300000, 0x00000000d5580000)
  object space 68608K, 74% used [0x0000000080000000,0x00000000831a5c20,0x0000000084300000)
 Metaspace       used 48889K, committed 50112K, reserved 1114112K
  class space    used 5345K, committed 5888K, reserved 1048576K
}
Event: 5.746 GC heap before
{Heap before GC invocations=31 (full 2):
 PSYoungGen      total 17408K, used 17216K [0x00000000d5580000, 0x00000000d6c00000, 0x0000000100000000)
  eden space 16384K, 100% used [0x00000000d5580000,0x00000000d6580000,0x00000000d6580000)
  from space 1024K, 81% used [0x00000000d6b00000,0x00000000d6bd0000,0x00000000d6c00000)
  to   space 1024K, 0% used [0x00000000d6a00000,0x00000000d6a00000,0x00000000d6b00000)
 ParOldGen       total 68608K, used 50839K [0x0000000080000000, 0x0000000084300000, 0x00000000d5580000)
  object space 68608K, 74% used [0x0000000080000000,0x00000000831a5c20,0x0000000084300000)
 Metaspace       used 50184K, committed 51520K, reserved 1114112K
  class space    used 5508K, committed 6080K, reserved 1048576K
}
Event: 5.748 GC heap after
{Heap after GC invocations=31 (full 2):
 PSYoungGen      total 17408K, used 608K [0x00000000d5580000, 0x00000000d6b80000, 0x0000000100000000)
  eden space 16384K, 0% used [0x00000000d5580000,0x00000000d5580000,0x00000000d6580000)
  from space 1024K, 59% used [0x00000000d6a00000,0x00000000d6a98010,0x00000000d6b00000)
  to   space 512K, 0% used [0x00000000d6b00000,0x00000000d6b00000,0x00000000d6b80000)
 ParOldGen       total 68608K, used 51547K [0x0000000080000000, 0x0000000084300000, 0x00000000d5580000)
  object space 68608K, 75% used [0x0000000080000000,0x0000000083256c30,0x0000000084300000)
 Metaspace       used 50184K, committed 51520K, reserved 1114112K
  class space    used 5508K, committed 6080K, reserved 1048576K
}
Event: 5.963 GC heap before
{Heap before GC invocations=32 (full 2):
 PSYoungGen      total 17408K, used 16992K [0x00000000d5580000, 0x00000000d6b80000, 0x0000000100000000)
  eden space 16384K, 100% used [0x00000000d5580000,0x00000000d6580000,0x00000000d6580000)
  from space 1024K, 59% used [0x00000000d6a00000,0x00000000d6a98010,0x00000000d6b00000)
  to   space 512K, 0% used [0x00000000d6b00000,0x00000000d6b00000,0x00000000d6b80000)
 ParOldGen       total 68608K, used 51547K [0x0000000080000000, 0x0000000084300000, 0x00000000d5580000)
  object space 68608K, 75% used [0x0000000080000000,0x0000000083256c30,0x0000000084300000)
 Metaspace       used 51658K, committed 53056K, reserved 1114112K
  class space    used 5662K, committed 6272K, reserved 1048576K
}
Event: 5.967 GC heap after
{Heap after GC invocations=32 (full 2):
 PSYoungGen      total 16896K, used 480K [0x00000000d5580000, 0x00000000d6b80000, 0x0000000100000000)
  eden space 16384K, 0% used [0x00000000d5580000,0x00000000d5580000,0x00000000d6580000)
  from space 512K, 93% used [0x00000000d6b00000,0x00000000d6b78010,0x00000000d6b80000)
  to   space 1536K, 0% used [0x00000000d6880000,0x00000000d6880000,0x00000000d6a00000)
 ParOldGen       total 68608K, used 52372K [0x0000000080000000, 0x0000000084300000, 0x00000000d5580000)
  object space 68608K, 76% used [0x0000000080000000,0x00000000833252d0,0x0000000084300000)
 Metaspace       used 51658K, committed 53056K, reserved 1114112K
  class space    used 5662K, committed 6272K, reserved 1048576K
}
Event: 6.179 GC heap before
{Heap before GC invocations=33 (full 2):
 PSYoungGen      total 16896K, used 16864K [0x00000000d5580000, 0x00000000d6b80000, 0x0000000100000000)
  eden space 16384K, 100% used [0x00000000d5580000,0x00000000d6580000,0x00000000d6580000)
  from space 512K, 93% used [0x00000000d6b00000,0x00000000d6b78010,0x00000000d6b80000)
  to   space 1536K, 0% used [0x00000000d6880000,0x00000000d6880000,0x00000000d6a00000)
 ParOldGen       total 68608K, used 52372K [0x0000000080000000, 0x0000000084300000, 0x00000000d5580000)
  object space 68608K, 76% used [0x0000000080000000,0x00000000833252d0,0x0000000084300000)
 Metaspace       used 52213K, committed 53504K, reserved 1114112K
  class space    used 5729K, committed 6272K, reserved 1048576K
}
Event: 6.184 GC heap after
{Heap after GC invocations=33 (full 2):
 PSYoungGen      total 17920K, used 1517K [0x00000000d5580000, 0x00000000d6f80000, 0x0000000100000000)
  eden space 16384K, 0% used [0x00000000d5580000,0x00000000d5580000,0x00000000d6580000)
  from space 1536K, 98% used [0x00000000d6880000,0x00000000d69fb4e8,0x00000000d6a00000)
  to   space 5120K, 0% used [0x00000000d6a80000,0x00000000d6a80000,0x00000000d6f80000)
 ParOldGen       total 68608K, used 55017K [0x0000000080000000, 0x0000000084300000, 0x00000000d5580000)
  object space 68608K, 80% used [0x0000000080000000,0x00000000835ba6e0,0x0000000084300000)
 Metaspace       used 52213K, committed 53504K, reserved 1114112K
  class space    used 5729K, committed 6272K, reserved 1048576K
}
Event: 8.701 GC heap before
{Heap before GC invocations=34 (full 2):
 PSYoungGen      total 17920K, used 17901K [0x00000000d5580000, 0x00000000d6f80000, 0x0000000100000000)
  eden space 16384K, 100% used [0x00000000d5580000,0x00000000d6580000,0x00000000d6580000)
  from space 1536K, 98% used [0x00000000d6880000,0x00000000d69fb4e8,0x00000000d6a00000)
  to   space 5120K, 0% used [0x00000000d6a80000,0x00000000d6a80000,0x00000000d6f80000)
 ParOldGen       total 68608K, used 55017K [0x0000000080000000, 0x0000000084300000, 0x00000000d5580000)
  object space 68608K, 80% used [0x0000000080000000,0x00000000835ba6e0,0x0000000084300000)
 Metaspace       used 53987K, committed 55360K, reserved 1114112K
  class space    used 5877K, committed 6464K, reserved 1048576K
}
Event: 8.703 GC heap after
{Heap after GC invocations=34 (full 2):
 PSYoungGen      total 18944K, used 2520K [0x00000000d5580000, 0x00000000d6d00000, 0x0000000100000000)
  eden space 16384K, 0% used [0x00000000d5580000,0x00000000d5580000,0x00000000d6580000)
  from space 2560K, 98% used [0x00000000d6a80000,0x00000000d6cf6180,0x00000000d6d00000)
  to   space 3584K, 0% used [0x00000000d6600000,0x00000000d6600000,0x00000000d6980000)
 ParOldGen       total 68608K, used 55259K [0x0000000080000000, 0x0000000084300000, 0x00000000d5580000)
  object space 68608K, 80% used [0x0000000080000000,0x00000000835f6cc0,0x0000000084300000)
 Metaspace       used 53987K, committed 55360K, reserved 1114112K
  class space    used 5877K, committed 6464K, reserved 1048576K
}
Event: 8.849 GC heap before
{Heap before GC invocations=35 (full 2):
 PSYoungGen      total 18944K, used 18904K [0x00000000d5580000, 0x00000000d6d00000, 0x0000000100000000)
  eden space 16384K, 100% used [0x00000000d5580000,0x00000000d6580000,0x00000000d6580000)
  from space 2560K, 98% used [0x00000000d6a80000,0x00000000d6cf6180,0x00000000d6d00000)
  to   space 3584K, 0% used [0x00000000d6600000,0x00000000d6600000,0x00000000d6980000)
 ParOldGen       total 68608K, used 55259K [0x0000000080000000, 0x0000000084300000, 0x00000000d5580000)
  object space 68608K, 80% used [0x0000000080000000,0x00000000835f6cc0,0x0000000084300000)
 Metaspace       used 54135K, committed 55488K, reserved 1114112K
  class space    used 5889K, committed 6464K, reserved 1048576K
}
Event: 8.850 GC heap after
{Heap after GC invocations=35 (full 2):
 PSYoungGen      total 19968K, used 785K [0x00000000d5580000, 0x00000000d6b00000, 0x0000000100000000)
  eden space 16384K, 0% used [0x00000000d5580000,0x00000000d5580000,0x00000000d6580000)
  from space 3584K, 21% used [0x00000000d6600000,0x00000000d66c47b8,0x00000000d6980000)
  to   space 1536K, 0% used [0x00000000d6980000,0x00000000d6980000,0x00000000d6b00000)
 ParOldGen       total 68608K, used 56221K [0x0000000080000000, 0x0000000084300000, 0x00000000d5580000)
  object space 68608K, 81% used [0x0000000080000000,0x00000000836e7670,0x0000000084300000)
 Metaspace       used 54135K, committed 55488K, reserved 1114112K
  class space    used 5889K, committed 6464K, reserved 1048576K
}

