# JRE version: OpenJDK Runtime Environment Temurin-21.0.9+10 (21.0.9+10) (build 21.0.9+10-LTS)
# Java VM: OpenJDK 64-Bit Server VM Temurin-21.0.9+10 (21.0.9+10-LTS, mixed mode, sharing, tiered, compressed oops, compressed class ptrs, parallel gc, windows-amd64)
GC Precious Log:
 CardTable entry size: 512
 CPUs: 8 total, 8 available
 Memory: 16067M
 Large Page Support: Disabled
 NUMA Support: Disabled
 Compressed Oops: Enabled (32-bit)
 Alignments: Space 512K, Generation 512K, Heap 2M
 Heap Min Capacity: 100M
 Heap Initial Capacity: 100M
 Heap Max Capacity: 2G
 Pre-touch: Disabled
 Parallel Workers: 8
Heap:
 PSYoungGen      total 16896K, used 4412K [0x00000000d5580000, 0x00000000d6c80000, 0x0000000100000000)
  eden space 15872K, 24% used [0x00000000d5580000,0x00000000d593f248,0x00000000d6500000)
  from space 1024K, 56% used [0x00000000d6b80000,0x00000000d6c10010,0x00000000d6c80000)
  to   space 1024K, 0% used [0x00000000d6a80000,0x00000000d6a80000,0x00000000d6b80000)
 ParOldGen       total 68608K, used 50167K [0x0000000080000000, 0x0000000084300000, 0x00000000d5580000)
  object space 68608K, 73% used [0x0000000080000000,0x00000000830fde40,0x0000000084300000)
 Metaspace       used 48212K, committed 49600K, reserved 1114112K
  class space    used 5243K, committed 5888K, reserved 1048576K
GC Heap History (20 events):
Event: 7.770 GC heap before
{Heap before GC invocations=23 (full 2):
 PSYoungGen      total 21504K, used 21280K [0x00000000d5580000, 0x00000000d7080000, 0x0000000100000000)
  eden space 19456K, 100% used [0x00000000d5580000,0x00000000d6880000,0x00000000d6880000)
  from space 2048K, 89% used [0x00000000d6e80000,0x00000000d7048010,0x00000000d7080000)
  to   space 2048K, 0% used [0x00000000d6c00000,0x00000000d6c00000,0x00000000d6e00000)
 ParOldGen       total 68608K, used 32532K [0x0000000080000000, 0x0000000084300000, 0x00000000d5580000)
  object space 68608K, 47% used [0x0000000080000000,0x0000000081fc5270,0x0000000084300000)
 Metaspace       used 39845K, committed 41024K, reserved 1114112K
  class space    used 4209K, committed 4736K, reserved 1048576K
}
Event: 7.774 GC heap after
{Heap after GC invocations=23 (full 2):
 PSYoungGen      total 21504K, used 2006K [0x00000000d5580000, 0x00000000d6f00000, 0x0000000100000000)
  eden space 19456K, 0% used [0x00000000d5580000,0x00000000d5580000,0x00000000d6880000)
  from space 2048K, 97% used [0x00000000d6c00000,0x00000000d6df5b38,0x00000000d6e00000)
  to   space 1024K, 0% used [0x00000000d6e00000,0x00000000d6e00000,0x00000000d6f00000)
 ParOldGen       total 68608K, used 34236K [0x0000000080000000, 0x0000000084300000, 0x00000000d5580000)
  object space 68608K, 49% used [0x0000000080000000,0x000000008216f280,0x0000000084300000)
 Metaspace       used 39845K, committed 41024K, reserved 1114112K
  class space    used 4209K, committed 4736K, reserved 1048576K
}
Event: 7.829 GC heap before
{Heap before GC invocations=24 (full 2):
 PSYoungGen      total 21504K, used 21462K [0x00000000d5580000, 0x00000000d6f00000, 0x0000000100000000)
  eden space 19456K, 100% used [0x00000000d5580000,0x00000000d6880000,0x00000000d6880000)
  from space 2048K, 97% used [0x00000000d6c00000,0x00000000d6df5b38,0x00000000d6e00000)
  to   space 1024K, 0% used [0x00000000d6e00000,0x00000000d6e00000,0x00000000d6f00000)
 ParOldGen       total 68608K, used 34236K [0x0000000080000000, 0x0000000084300000, 0x00000000d5580000)
  object space 68608K, 49% used [0x0000000080000000,0x000000008216f280,0x0000000084300000)
 Metaspace       used 40193K, committed 41408K, reserved 1114112K
  class space    used 4263K, committed 4800K, reserved 1048576K
}
Event: 7.833 GC heap after
{Heap after GC invocations=24 (full 2):
 PSYoungGen      total 20480K, used 1021K [0x00000000d5580000, 0x00000000d6f80000, 0x0000000100000000)
  eden space 19456K, 0% used [0x00000000d5580000,0x00000000d5580000,0x00000000d6880000)
  from space 1024K, 99% used [0x00000000d6e00000,0x00000000d6eff620,0x00000000d6f00000)
  to   space 3584K, 0% used [0x00000000d6880000,0x00000000d6880000,0x00000000d6c00000)
 ParOldGen       total 68608K, used 36500K [0x0000000080000000, 0x0000000084300000, 0x00000000d5580000)
  object space 68608K, 53% used [0x0000000080000000,0x00000000823a53a0,0x0000000084300000)
 Metaspace       used 40193K, committed 41408K, reserved 1114112K
  class space    used 4263K, committed 4800K, reserved 1048576K
}
Event: 7.885 GC heap before
{Heap before GC invocations=25 (full 2):
 PSYoungGen      total 20480K, used 20477K [0x00000000d5580000, 0x00000000d6f80000, 0x0000000100000000)
  eden space 19456K, 100% used [0x00000000d5580000,0x00000000d6880000,0x00000000d6880000)
  from space 1024K, 99% used [0x00000000d6e00000,0x00000000d6eff620,0x00000000d6f00000)
  to   space 3584K, 0% used [0x00000000d6880000,0x00000000d6880000,0x00000000d6c00000)
 ParOldGen       total 68608K, used 36500K [0x0000000080000000, 0x0000000084300000, 0x00000000d5580000)
  object space 68608K, 53% used [0x0000000080000000,0x00000000823a53a0,0x0000000084300000)
 Metaspace       used 40345K, committed 41536K, reserved 1114112K
  class space    used 4284K, committed 4800K, reserved 1048576K
}
Event: 7.889 GC heap after
{Heap after GC invocations=25 (full 2):
 PSYoungGen      total 23040K, used 1536K [0x00000000d5580000, 0x00000000d6e80000, 0x0000000100000000)
  eden space 19456K, 0% used [0x00000000d5580000,0x00000000d5580000,0x00000000d6880000)
  from space 3584K, 42% used [0x00000000d6880000,0x00000000d6a00000,0x00000000d6c00000)
  to   space 2560K, 0% used [0x00000000d6c00000,0x00000000d6c00000,0x00000000d6e80000)
 ParOldGen       total 68608K, used 37430K [0x0000000080000000, 0x0000000084300000, 0x00000000d5580000)
  object space 68608K, 54% used [0x0000000080000000,0x000000008248dac8,0x0000000084300000)
 Metaspace       used 40345K, committed 41536K, reserved 1114112K
  class space    used 4284K, committed 4800K, reserved 1048576K
}
Event: 7.958 GC heap before
{Heap before GC invocations=26 (full 2):
 PSYoungGen      total 23040K, used 20992K [0x00000000d5580000, 0x00000000d6e80000, 0x0000000100000000)
  eden space 19456K, 100% used [0x00000000d5580000,0x00000000d6880000,0x00000000d6880000)
  from space 3584K, 42% used [0x00000000d6880000,0x00000000d6a00000,0x00000000d6c00000)
  to   space 2560K, 0% used [0x00000000d6c00000,0x00000000d6c00000,0x00000000d6e80000)
 ParOldGen       total 68608K, used 37430K [0x0000000080000000, 0x0000000084300000, 0x00000000d5580000)
  object space 68608K, 54% used [0x0000000080000000,0x000000008248dac8,0x0000000084300000)
 Metaspace       used 40736K, committed 41984K, reserved 1114112K
  class space    used 4329K, committed 4864K, reserved 1048576K
}
Event: 7.962 GC heap after
{Heap after GC invocations=26 (full 2):
 PSYoungGen      total 21504K, used 1632K [0x00000000d5580000, 0x00000000d6e00000, 0x0000000100000000)
  eden space 19456K, 0% used [0x00000000d5580000,0x00000000d5580000,0x00000000d6880000)
  from space 2048K, 79% used [0x00000000d6c00000,0x00000000d6d98010,0x00000000d6e00000)
  to   space 2048K, 0% used [0x00000000d6a00000,0x00000000d6a00000,0x00000000d6c00000)
 ParOldGen       total 68608K, used 38894K [0x0000000080000000, 0x0000000084300000, 0x00000000d5580000)
  object space 68608K, 56% used [0x0000000080000000,0x00000000825fbac8,0x0000000084300000)
 Metaspace       used 40736K, committed 41984K, reserved 1114112K
  class space    used 4329K, committed 4864K, reserved 1048576K
}
Event: 8.012 GC heap before
{Heap before GC invocations=27 (full 2):
 PSYoungGen      total 21504K, used 21088K [0x00000000d5580000, 0x00000000d6e00000, 0x0000000100000000)
  eden space 19456K, 100% used [0x00000000d5580000,0x00000000d6880000,0x00000000d6880000)
  from space 2048K, 79% used [0x00000000d6c00000,0x00000000d6d98010,0x00000000d6e00000)
  to   space 2048K, 0% used [0x00000000d6a00000,0x00000000d6a00000,0x00000000d6c00000)
 ParOldGen       total 68608K, used 38894K [0x0000000080000000, 0x0000000084300000, 0x00000000d5580000)
  object space 68608K, 56% used [0x0000000080000000,0x00000000825fbac8,0x0000000084300000)
 Metaspace       used 41053K, committed 42240K, reserved 1114112K
  class space    used 4367K, committed 4864K, reserved 1048576K
}
Event: 8.014 GC heap after
{Heap after GC invocations=27 (full 2):
 PSYoungGen      total 20992K, used 1528K [0x00000000d5580000, 0x00000000d6c80000, 0x0000000100000000)
  eden space 19456K, 0% used [0x00000000d5580000,0x00000000d5580000,0x00000000d6880000)
  from space 1536K, 99% used [0x00000000d6a00000,0x00000000d6b7e200,0x00000000d6b80000)
  to   space 1024K, 0% used [0x00000000d6b80000,0x00000000d6b80000,0x00000000d6c80000)
 ParOldGen       total 68608K, used 40398K [0x0000000080000000, 0x0000000084300000, 0x00000000d5580000)
  object space 68608K, 58% used [0x0000000080000000,0x0000000082773ad8,0x0000000084300000)
 Metaspace       used 41053K, committed 42240K, reserved 1114112K
  class space    used 4367K, committed 4864K, reserved 1048576K
}
Event: 8.092 GC heap before
{Heap before GC invocations=28 (full 2):
 PSYoungGen      total 20992K, used 20984K [0x00000000d5580000, 0x00000000d6c80000, 0x0000000100000000)
  eden space 19456K, 100% used [0x00000000d5580000,0x00000000d6880000,0x00000000d6880000)
  from space 1536K, 99% used [0x00000000d6a00000,0x00000000d6b7e200,0x00000000d6b80000)
  to   space 1024K, 0% used [0x00000000d6b80000,0x00000000d6b80000,0x00000000d6c80000)
 ParOldGen       total 68608K, used 40398K [0x0000000080000000, 0x0000000084300000, 0x00000000d5580000)
  object space 68608K, 58% used [0x0000000080000000,0x0000000082773ad8,0x0000000084300000)
 Metaspace       used 41760K, committed 42944K, reserved 1114112K
  class space    used 4451K, committed 4992K, reserved 1048576K
}
Event: 8.096 GC heap after
{Heap after GC invocations=28 (full 2):
 PSYoungGen      total 16896K, used 1012K [0x00000000d5580000, 0x00000000d7580000, 0x0000000100000000)
  eden space 15872K, 0% used [0x00000000d5580000,0x00000000d5580000,0x00000000d6500000)
  from space 1024K, 98% used [0x00000000d6b80000,0x00000000d6c7d0f8,0x00000000d6c80000)
  to   space 6656K, 0% used [0x00000000d6500000,0x00000000d6500000,0x00000000d6b80000)
 ParOldGen       total 68608K, used 44939K [0x0000000080000000, 0x0000000084300000, 0x00000000d5580000)
  object space 68608K, 65% used [0x0000000080000000,0x0000000082be2c00,0x0000000084300000)
 Metaspace       used 41760K, committed 42944K, reserved 1114112K
  class space    used 4451K, committed 4992K, reserved 1048576K
}
Event: 9.252 GC heap before
{Heap before GC invocations=29 (full 2):
 PSYoungGen      total 16896K, used 16884K [0x00000000d5580000, 0x00000000d7580000, 0x0000000100000000)
  eden space 15872K, 100% used [0x00000000d5580000,0x00000000d6500000,0x00000000d6500000)
  from space 1024K, 98% used [0x00000000d6b80000,0x00000000d6c7d0f8,0x00000000d6c80000)
  to   space 6656K, 0% used [0x00000000d6500000,0x00000000d6500000,0x00000000d6b80000)
 ParOldGen       total 68608K, used 44961K [0x0000000080000000, 0x0000000084300000, 0x00000000d5580000)
  object space 68608K, 65% used [0x0000000080000000,0x0000000082be8738,0x0000000084300000)
 Metaspace       used 43107K, committed 44352K, reserved 1114112K
  class space    used 4591K, committed 5120K, reserved 1048576K
}
Event: 9.257 GC heap after
{Heap after GC invocations=29 (full 2):
 PSYoungGen      total 22528K, used 3081K [0x00000000d5580000, 0x00000000d7080000, 0x0000000100000000)
  eden space 15872K, 0% used [0x00000000d5580000,0x00000000d5580000,0x00000000d6500000)
  from space 6656K, 46% used [0x00000000d6500000,0x00000000d6802570,0x00000000d6b80000)
  to   space 4096K, 0% used [0x00000000d6c80000,0x00000000d6c80000,0x00000000d7080000)
 ParOldGen       total 68608K, used 45958K [0x0000000080000000, 0x0000000084300000, 0x00000000d5580000)
  object space 68608K, 66% used [0x0000000080000000,0x0000000082ce1830,0x0000000084300000)
 Metaspace       used 43107K, committed 44352K, reserved 1114112K
  class space    used 4591K, committed 5120K, reserved 1048576K
}
Event: 9.360 GC heap before
{Heap before GC invocations=30 (full 2):
 PSYoungGen      total 22528K, used 18953K [0x00000000d5580000, 0x00000000d7080000, 0x0000000100000000)
  eden space 15872K, 100% used [0x00000000d5580000,0x00000000d6500000,0x00000000d6500000)
  from space 6656K, 46% used [0x00000000d6500000,0x00000000d6802570,0x00000000d6b80000)
  to   space 4096K, 0% used [0x00000000d6c80000,0x00000000d6c80000,0x00000000d7080000)
 ParOldGen       total 68608K, used 45982K [0x0000000080000000, 0x0000000084300000, 0x00000000d5580000)
  object space 68608K, 67% used [0x0000000080000000,0x0000000082ce7be8,0x0000000084300000)
 Metaspace       used 45218K, committed 46464K, reserved 1114112K
  class space    used 4827K, committed 5376K, reserved 1048576K
}
Event: 9.362 GC heap after
{Heap after GC invocations=30 (full 2):
 PSYoungGen      total 16896K, used 629K [0x00000000d5580000, 0x00000000d6d80000, 0x0000000100000000)
  eden space 15872K, 0% used [0x00000000d5580000,0x00000000d5580000,0x00000000d6500000)
  from space 1024K, 61% used [0x00000000d6c80000,0x00000000d6d1d7f8,0x00000000d6d80000)
  to   space 2048K, 0% used [0x00000000d6980000,0x00000000d6980000,0x00000000d6b80000)
 ParOldGen       total 68608K, used 48875K [0x0000000080000000, 0x0000000084300000, 0x00000000d5580000)
  object space 68608K, 71% used [0x0000000080000000,0x0000000082fbaec0,0x0000000084300000)
 Metaspace       used 45218K, committed 46464K, reserved 1114112K
  class space    used 4827K, committed 5376K, reserved 1048576K
}
Event: 9.534 GC heap before
{Heap before GC invocations=31 (full 2):
 PSYoungGen      total 16896K, used 16501K [0x00000000d5580000, 0x00000000d6d80000, 0x0000000100000000)
  eden space 15872K, 100% used [0x00000000d5580000,0x00000000d6500000,0x00000000d6500000)
  from space 1024K, 61% used [0x00000000d6c80000,0x00000000d6d1d7f8,0x00000000d6d80000)
  to   space 2048K, 0% used [0x00000000d6980000,0x00000000d6980000,0x00000000d6b80000)
 ParOldGen       total 68608K, used 48875K [0x0000000080000000, 0x0000000084300000, 0x00000000d5580000)
  object space 68608K, 71% used [0x0000000080000000,0x0000000082fbaec0,0x0000000084300000)
 Metaspace       used 46953K, committed 48256K, reserved 1114112K
  class space    used 5057K, committed 5632K, reserved 1048576K
}
Event: 9.536 GC heap after
{Heap after GC invocations=31 (full 2):
 PSYoungGen      total 17920K, used 976K [0x00000000d5580000, 0x00000000d6d00000, 0x0000000100000000)
  eden space 15872K, 0% used [0x00000000d5580000,0x00000000d5580000,0x00000000d6500000)
  from space 2048K, 47% used [0x00000000d6980000,0x00000000d6a74010,0x00000000d6b80000)
  to   space 1536K, 0% used [0x00000000d6b80000,0x00000000d6b80000,0x00000000d6d00000)
 ParOldGen       total 68608K, used 49328K [0x0000000080000000, 0x0000000084300000, 0x00000000d5580000)
  object space 68608K, 71% used [0x0000000080000000,0x000000008302c298,0x0000000084300000)
 Metaspace       used 46953K, committed 48256K, reserved 1114112K
  class space    used 5057K, committed 5632K, reserved 1048576K
}
Event: 9.672 GC heap before
{Heap before GC invocations=32 (full 2):
 PSYoungGen      total 17920K, used 16848K [0x00000000d5580000, 0x00000000d6d00000, 0x0000000100000000)
  eden space 15872K, 100% used [0x00000000d5580000,0x00000000d6500000,0x00000000d6500000)
  from space 2048K, 47% used [0x00000000d6980000,0x00000000d6a74010,0x00000000d6b80000)
  to   space 1536K, 0% used [0x00000000d6b80000,0x00000000d6b80000,0x00000000d6d00000)
 ParOldGen       total 68608K, used 49328K [0x0000000080000000, 0x0000000084300000, 0x00000000d5580000)
  object space 68608K, 71% used [0x0000000080000000,0x000000008302c298,0x0000000084300000)
 Metaspace       used 47952K, committed 49280K, reserved 1114112K
  class space    used 5208K, committed 5824K, reserved 1048576K
}
Event: 9.673 GC heap after
{Heap after GC invocations=32 (full 2):
 PSYoungGen      total 16896K, used 576K [0x00000000d5580000, 0x00000000d6c80000, 0x0000000100000000)
  eden space 15872K, 0% used [0x00000000d5580000,0x00000000d5580000,0x00000000d6500000)
  from space 1024K, 56% used [0x00000000d6b80000,0x00000000d6c10010,0x00000000d6c80000)
  to   space 1024K, 0% used [0x00000000d6a80000,0x00000000d6a80000,0x00000000d6b80000)
 ParOldGen       total 68608K, used 50167K [0x0000000080000000, 0x0000000084300000, 0x00000000d5580000)
  object space 68608K, 73% used [0x0000000080000000,0x00000000830fde40,0x0000000084300000)
 Metaspace       used 47952K, committed 49280K, reserved 1114112K
  class space    used 5208K, committed 5824K, reserved 1048576K
}

