# JRE version: Java(TM) SE Runtime Environment (23.0.2+7) (build 23.0.2+7-58)
# Java VM: Java HotSpot(TM) 64-Bit Server VM (23.0.2+7-58, mixed mode, sharing, tiered, compressed oops, compressed class ptrs, g1 gc, windows-amd64)
GC Precious Log:
 CardTable entry size: 512
 Card Set container configuration: InlinePtr #cards 5 size 8 Array Of Cards #cards 10 size 36 Howl #buckets 4 coarsen threshold 1843 Howl Bitmap #cards 512 size 80 coarsen threshold 460 Card regions per heap region 1 cards per card region 2048
 CPUs: 8 total, 8 available
 Memory: 16067M
 Large Page Support: Disabled
 NUMA Support: Disabled
 Compressed Oops: Enabled (32-bit)
 Heap Region Size: 1M
 Heap Min Capacity: 64M
 Heap Initial Capacity: 64M
 Heap Max Capacity: 256M
 Pre-touch: Disabled
 Parallel Workers: 8
 Concurrent Workers: 2
 Concurrent Refinement Workers: 8
 Periodic GC: Disabled
Heap:
 garbage-first heap   total reserved 262144K, committed 83968K, used 32971K [0x00000000f0000000, 0x0000000100000000)
  region size 1024K, 15 young (15360K), 3 survivors (3072K)
 Metaspace       used 22119K, committed 22464K, reserved 1114112K
  class space    used 2675K, committed 2816K, reserved 1048576K
GC Heap History (16 events):
Event: 1.870 GC heap before
{Heap before GC invocations=0 (full 0):
 garbage-first heap   total reserved 262144K, committed 65536K, used 23552K [0x00000000f0000000, 0x0000000100000000)
  region size 1024K, 24 young (24576K), 0 survivors (0K)
 Metaspace       used 5858K, committed 6016K, reserved 1114112K
  class space    used 718K, committed 768K, reserved 1048576K
}
Event: 1.884 GC heap after
{Heap after GC invocations=1 (full 0):
 garbage-first heap   total reserved 262144K, committed 65536K, used 3840K [0x00000000f0000000, 0x0000000100000000)
  region size 1024K, 3 young (3072K), 3 survivors (3072K)
 Metaspace       used 5858K, committed 6016K, reserved 1114112K
  class space    used 718K, committed 768K, reserved 1048576K
}
Event: 2.527 GC heap before
{Heap before GC invocations=1 (full 0):
 garbage-first heap   total reserved 262144K, committed 65536K, used 26368K [0x00000000f0000000, 0x0000000100000000)
  region size 1024K, 25 young (25600K), 3 survivors (3072K)
 Metaspace       used 7620K, committed 7808K, reserved 1114112K
  class space    used 936K, committed 1024K, reserved 1048576K
}
Event: 2.536 GC heap after
{Heap after GC invocations=2 (full 0):
 garbage-first heap   total reserved 262144K, committed 65536K, used 4775K [0x00000000f0000000, 0x0000000100000000)
  region size 1024K, 1 young (1024K), 1 survivors (1024K)
 Metaspace       used 7620K, committed 7808K, reserved 1114112K
  class space    used 936K, committed 1024K, reserved 1048576K
}
Event: 3.845 GC heap before
{Heap before GC invocations=2 (full 0):
 garbage-first heap   total reserved 262144K, committed 65536K, used 36519K [0x00000000f0000000, 0x0000000100000000)
  region size 1024K, 33 young (33792K), 1 survivors (1024K)
 Metaspace       used 13970K, committed 14144K, reserved 1114112K
  class space    used 1764K, committed 1856K, reserved 1048576K
}
Event: 3.854 GC heap after
{Heap after GC invocations=3 (full 0):
 garbage-first heap   total reserved 262144K, committed 65536K, used 7772K [0x00000000f0000000, 0x0000000100000000)
  region size 1024K, 4 young (4096K), 4 survivors (4096K)
 Metaspace       used 13970K, committed 14144K, reserved 1114112K
  class space    used 1764K, committed 1856K, reserved 1048576K
}
Event: 4.689 GC heap before
{Heap before GC invocations=3 (full 0):
 garbage-first heap   total reserved 262144K, committed 65536K, used 40540K [0x00000000f0000000, 0x0000000100000000)
  region size 1024K, 36 young (36864K), 4 survivors (4096K)
 Metaspace       used 15598K, committed 15936K, reserved 1114112K
  class space    used 1925K, committed 2048K, reserved 1048576K
}
Event: 4.705 GC heap after
{Heap after GC invocations=4 (full 0):
 garbage-first heap   total reserved 262144K, committed 65536K, used 12665K [0x00000000f0000000, 0x0000000100000000)
  region size 1024K, 5 young (5120K), 5 survivors (5120K)
 Metaspace       used 15598K, committed 15936K, reserved 1114112K
  class space    used 1925K, committed 2048K, reserved 1048576K
}
Event: 5.444 GC heap before
{Heap before GC invocations=4 (full 0):
 garbage-first heap   total reserved 262144K, committed 65536K, used 44409K [0x00000000f0000000, 0x0000000100000000)
  region size 1024K, 36 young (36864K), 5 survivors (5120K)
 Metaspace       used 15982K, committed 16256K, reserved 1114112K
  class space    used 1933K, committed 2048K, reserved 1048576K
}
Event: 5.458 GC heap after
{Heap after GC invocations=5 (full 0):
 garbage-first heap   total reserved 262144K, committed 65536K, used 14997K [0x00000000f0000000, 0x0000000100000000)
  region size 1024K, 2 young (2048K), 2 survivors (2048K)
 Metaspace       used 15982K, committed 16256K, reserved 1114112K
  class space    used 1933K, committed 2048K, reserved 1048576K
}
Event: 6.212 GC heap before
{Heap before GC invocations=5 (full 0):
 garbage-first heap   total reserved 262144K, committed 65536K, used 46741K [0x00000000f0000000, 0x0000000100000000)
  region size 1024K, 26 young (26624K), 2 survivors (2048K)
 Metaspace       used 17264K, committed 17536K, reserved 1114112K
  class space    used 2070K, committed 2176K, reserved 1048576K
}
Event: 6.221 GC heap after
{Heap after GC invocations=6 (full 0):
 garbage-first heap   total reserved 262144K, committed 65536K, used 24347K [0x00000000f0000000, 0x0000000100000000)
  region size 1024K, 3 young (3072K), 3 survivors (3072K)
 Metaspace       used 17264K, committed 17536K, reserved 1114112K
  class space    used 2070K, committed 2176K, reserved 1048576K
}
Event: 6.222 GC heap before
{Heap before GC invocations=6 (full 0):
 garbage-first heap   total reserved 262144K, committed 65536K, used 36635K [0x00000000f0000000, 0x0000000100000000)
  region size 1024K, 4 young (4096K), 3 survivors (3072K)
 Metaspace       used 17264K, committed 17536K, reserved 1114112K
  class space    used 2070K, committed 2176K, reserved 1048576K
}
Event: 6.228 GC heap after
{Heap after GC invocations=7 (full 0):
 garbage-first heap   total reserved 262144K, committed 65536K, used 37005K [0x00000000f0000000, 0x0000000100000000)
  region size 1024K, 2 young (2048K), 2 survivors (2048K)
 Metaspace       used 17264K, committed 17536K, reserved 1114112K
  class space    used 2070K, committed 2176K, reserved 1048576K
}
Event: 7.007 GC heap before
{Heap before GC invocations=8 (full 0):
 garbage-first heap   total reserved 262144K, committed 83968K, used 70797K [0x00000000f0000000, 0x0000000100000000)
  region size 1024K, 22 young (22528K), 2 survivors (2048K)
 Metaspace       used 19582K, committed 19904K, reserved 1114112K
  class space    used 2330K, committed 2496K, reserved 1048576K
}
Event: 7.014 GC heap after
{Heap after GC invocations=9 (full 0):
 garbage-first heap   total reserved 262144K, committed 83968K, used 17611K [0x00000000f0000000, 0x0000000100000000)
  region size 1024K, 3 young (3072K), 3 survivors (3072K)
 Metaspace       used 19582K, committed 19904K, reserved 1114112K
  class space    used 2330K, committed 2496K, reserved 1048576K
}

