# JRE version: Java(TM) SE Runtime Environment (23.0.2+7) (build 23.0.2+7-58)
# Java VM: Java HotSpot(TM) 64-Bit Server VM (23.0.2+7-58, mixed mode, sharing, tiered, compressed oops, compressed class ptrs, g1 gc, windows-amd64)
GC Precious Log:
 CardTable entry size: 512
 Card Set container configuration: InlinePtr #cards 5 size 8 Array Of Cards #cards 10 size 36 Howl #buckets 4 coarsen threshold 1843 Howl Bitmap #cards 512 size 80 coarsen threshold 460 Card regions per heap region 1 cards per card region 2048
 CPUs: 8 total, 8 available
 Memory: 16067M
 Large Page Support: Disabled
 NUMA Support: Disabled
 Compressed Oops: Enabled (32-bit)
 Heap Region Size: 1M
 Heap Min Capacity: 32M
 Heap Initial Capacity: 32M
 Heap Max Capacity: 128M
 Pre-touch: Disabled
 Parallel Workers: 8
 Concurrent Workers: 2
 Concurrent Refinement Workers: 8
 Periodic GC: Disabled
Heap:
 garbage-first heap   total reserved 131072K, committed 68608K, used 39936K [0x00000000f8000000, 0x0000000100000000)
  region size 1024K, 8 young (8192K), 4 survivors (4096K)
 Metaspace       used 26079K, committed 26432K, reserved 180224K
  class space    used 3104K, committed 3264K, reserved 114688K
GC Heap History (20 events):
Event: 3.611 GC heap before
{Heap before GC invocations=5 (full 0):
 garbage-first heap   total reserved 131072K, committed 32768K, used 23801K [0x00000000f8000000, 0x0000000100000000)
  region size 1024K, 19 young (19456K), 3 survivors (3072K)
 Metaspace       used 14999K, committed 15232K, reserved 180224K
  class space    used 1863K, committed 1984K, reserved 114688K
}
Event: 3.623 GC heap after
{Heap after GC invocations=6 (full 0):
 garbage-first heap   total reserved 131072K, committed 32768K, used 9886K [0x00000000f8000000, 0x0000000100000000)
  region size 1024K, 3 young (3072K), 3 survivors (3072K)
 Metaspace       used 14999K, committed 15232K, reserved 180224K
  class space    used 1863K, committed 1984K, reserved 114688K
}
Event: 3.920 GC heap before
{Heap before GC invocations=6 (full 0):
 garbage-first heap   total reserved 131072K, committed 32768K, used 24222K [0x00000000f8000000, 0x0000000100000000)
  region size 1024K, 17 young (17408K), 3 survivors (3072K)
 Metaspace       used 15479K, committed 15744K, reserved 180224K
  class space    used 1905K, committed 2048K, reserved 114688K
}
Event: 3.928 GC heap after
{Heap after GC invocations=7 (full 0):
 garbage-first heap   total reserved 131072K, committed 32768K, used 11961K [0x00000000f8000000, 0x0000000100000000)
  region size 1024K, 3 young (3072K), 3 survivors (3072K)
 Metaspace       used 15479K, committed 15744K, reserved 180224K
  class space    used 1905K, committed 2048K, reserved 114688K
}
Event: 4.229 GC heap before
{Heap before GC invocations=7 (full 0):
 garbage-first heap   total reserved 131072K, committed 32768K, used 25273K [0x00000000f8000000, 0x0000000100000000)
  region size 1024K, 16 young (16384K), 3 survivors (3072K)
 Metaspace       used 15748K, committed 16000K, reserved 180224K
  class space    used 1931K, committed 2048K, reserved 114688K
}
Event: 4.238 GC heap after
{Heap after GC invocations=8 (full 0):
 garbage-first heap   total reserved 131072K, committed 32768K, used 13916K [0x00000000f8000000, 0x0000000100000000)
  region size 1024K, 2 young (2048K), 2 survivors (2048K)
 Metaspace       used 15748K, committed 16000K, reserved 180224K
  class space    used 1931K, committed 2048K, reserved 114688K
}
Event: 4.513 GC heap before
{Heap before GC invocations=8 (full 0):
 garbage-first heap   total reserved 131072K, committed 32768K, used 26204K [0x00000000f8000000, 0x0000000100000000)
  region size 1024K, 14 young (14336K), 2 survivors (2048K)
 Metaspace       used 15863K, committed 16128K, reserved 180224K
  class space    used 1932K, committed 2048K, reserved 114688K
}
Event: 4.518 GC heap after
{Heap after GC invocations=9 (full 0):
 garbage-first heap   total reserved 131072K, committed 32768K, used 14514K [0x00000000f8000000, 0x0000000100000000)
  region size 1024K, 1 young (1024K), 1 survivors (1024K)
 Metaspace       used 15863K, committed 16128K, reserved 180224K
  class space    used 1932K, committed 2048K, reserved 114688K
}
Event: 4.773 GC heap before
{Heap before GC invocations=9 (full 0):
 garbage-first heap   total reserved 131072K, committed 32768K, used 26802K [0x00000000f8000000, 0x0000000100000000)
  region size 1024K, 13 young (13312K), 1 survivors (1024K)
 Metaspace       used 16027K, committed 16256K, reserved 180224K
  class space    used 1934K, committed 2048K, reserved 114688K
}
Event: 4.777 GC heap after
{Heap after GC invocations=10 (full 0):
 garbage-first heap   total reserved 131072K, committed 32768K, used 14941K [0x00000000f8000000, 0x0000000100000000)
  region size 1024K, 1 young (1024K), 1 survivors (1024K)
 Metaspace       used 16027K, committed 16256K, reserved 180224K
  class space    used 1934K, committed 2048K, reserved 114688K
}
Event: 4.779 GC heap before
{Heap before GC invocations=10 (full 0):
 garbage-first heap   total reserved 131072K, committed 32768K, used 14941K [0x00000000f8000000, 0x0000000100000000)
  region size 1024K, 2 young (2048K), 1 survivors (1024K)
 Metaspace       used 16028K, committed 16256K, reserved 180224K
  class space    used 1934K, committed 2048K, reserved 114688K
}
Event: 4.783 GC heap after
{Heap after GC invocations=11 (full 0):
 garbage-first heap   total reserved 131072K, committed 32768K, used 14934K [0x00000000f8000000, 0x0000000100000000)
  region size 1024K, 1 young (1024K), 1 survivors (1024K)
 Metaspace       used 16028K, committed 16256K, reserved 180224K
  class space    used 1934K, committed 2048K, reserved 114688K
}
Event: 5.161 GC heap before
{Heap before GC invocations=12 (full 0):
 garbage-first heap   total reserved 131072K, committed 32768K, used 28246K [0x00000000f8000000, 0x0000000100000000)
  region size 1024K, 14 young (14336K), 1 survivors (1024K)
 Metaspace       used 16261K, committed 16512K, reserved 180224K
  class space    used 1951K, committed 2048K, reserved 114688K
}
Event: 5.165 GC heap after
{Heap after GC invocations=13 (full 0):
 garbage-first heap   total reserved 131072K, committed 32768K, used 15505K [0x00000000f8000000, 0x0000000100000000)
  region size 1024K, 2 young (2048K), 2 survivors (2048K)
 Metaspace       used 16261K, committed 16512K, reserved 180224K
  class space    used 1951K, committed 2048K, reserved 114688K
}
Event: 5.434 GC heap before
{Heap before GC invocations=13 (full 0):
 garbage-first heap   total reserved 131072K, committed 65536K, used 59537K [0x00000000f8000000, 0x0000000100000000)
  region size 1024K, 13 young (13312K), 2 survivors (2048K)
 Metaspace       used 17271K, committed 17600K, reserved 180224K
  class space    used 2073K, committed 2176K, reserved 114688K
}
Event: 5.446 GC heap after
{Heap after GC invocations=14 (full 0):
 garbage-first heap   total reserved 131072K, committed 65536K, used 16481K [0x00000000f8000000, 0x0000000100000000)
  region size 1024K, 2 young (2048K), 2 survivors (2048K)
 Metaspace       used 17271K, committed 17600K, reserved 180224K
  class space    used 2073K, committed 2176K, reserved 114688K
}
Event: 6.839 GC heap before
{Heap before GC invocations=14 (full 0):
 garbage-first heap   total reserved 131072K, committed 65536K, used 57441K [0x00000000f8000000, 0x0000000100000000)
  region size 1024K, 38 young (38912K), 2 survivors (2048K)
 Metaspace       used 25589K, committed 25920K, reserved 180224K
  class space    used 3051K, committed 3200K, reserved 114688K
}
Event: 6.856 GC heap after
{Heap after GC invocations=15 (full 0):
 garbage-first heap   total reserved 131072K, committed 68608K, used 28390K [0x00000000f8000000, 0x0000000100000000)
  region size 1024K, 5 young (5120K), 5 survivors (5120K)
 Metaspace       used 25589K, committed 25920K, reserved 180224K
  class space    used 3051K, committed 3200K, reserved 114688K
}
Event: 7.261 GC heap before
{Heap before GC invocations=15 (full 0):
 garbage-first heap   total reserved 131072K, committed 68608K, used 52966K [0x00000000f8000000, 0x0000000100000000)
  region size 1024K, 28 young (28672K), 5 survivors (5120K)
 Metaspace       used 25808K, committed 26176K, reserved 180224K
  class space    used 3071K, committed 3200K, reserved 114688K
}
Event: 7.283 GC heap after
{Heap after GC invocations=16 (full 0):
 garbage-first heap   total reserved 131072K, committed 68608K, used 36864K [0x00000000f8000000, 0x0000000100000000)
  region size 1024K, 4 young (4096K), 4 survivors (4096K)
 Metaspace       used 25808K, committed 26176K, reserved 180224K
  class space    used 3071K, committed 3200K, reserved 114688K
}

