# JRE version: Java(TM) SE Runtime Environment (23.0.2+7) (build 23.0.2+7-58)
# Java VM: Java HotSpot(TM) 64-Bit Server VM (23.0.2+7-58, mixed mode, sharing, tiered, compressed oops, compressed class ptrs, serial gc, windows-amd64)
GC Precious Log:
 CardTable entry size: 512
 CPUs: 8 total, 8 available
 Memory: 16067M
 Large Page Support: Disabled
 NUMA Support: Disabled
 Compressed Oops: Enabled (32-bit)
 Heap Min Capacity: 32M
 Heap Initial Capacity: 32M
 Heap Max Capacity: 64M
 Pre-touch: Disabled
Heap:
 def new generation   total 11008K, used 9802K [0x00000000fc000000, 0x00000000fcbf0000, 0x00000000fd550000)
  eden space 9792K,  94% used [0x00000000fc000000, 0x00000000fc9022a8, 0x00000000fc990000)
  from space 1216K,  47% used [0x00000000fc990000, 0x00000000fca20880, 0x00000000fcac0000)
  to   space 1216K,   0% used [0x00000000fcac0000, 0x00000000fcac0000, 0x00000000fcbf0000)
 tenured generation   total 24340K, used 15522K [0x00000000fd550000, 0x00000000fed15000, 0x0000000100000000)
   the space 24340K,  63% used [0x00000000fd550000, 0x00000000fe4788e8, 0x00000000fed15000)
 Metaspace       used 35627K, committed 36160K, reserved 131072K
  class space    used 4765K, committed 4992K, reserved 65536K
GC Heap History (20 events):
Event: 3.826 GC heap before
{Heap before GC invocations=32 (full 2):
 def new generation   total 9984K, used 9806K [0x00000000fc000000, 0x00000000fcad0000, 0x00000000fd550000)
  eden space 8896K, 100% used [0x00000000fc000000, 0x00000000fc8b0000, 0x00000000fc8b0000)
  from space 1088K,  83% used [0x00000000fc8b0000, 0x00000000fc993a90, 0x00000000fc9c0000)
  to   space 1088K,   0% used [0x00000000fc9c0000, 0x00000000fc9c0000, 0x00000000fcad0000)
 tenured generation   total 22080K, used 11964K [0x00000000fd550000, 0x00000000feae0000, 0x0000000100000000)
   the space 22080K,  54% used [0x00000000fd550000, 0x00000000fe0ff108, 0x00000000feae0000)
 Metaspace       used 27590K, committed 28032K, reserved 131072K
  class space    used 3539K, committed 3712K, reserved 65536K
}
Event: 3.829 GC heap after
{Heap after GC invocations=33 (full 2):
 def new generation   total 9984K, used 496K [0x00000000fc000000, 0x00000000fcad0000, 0x00000000fd550000)
  eden space 8896K,   0% used [0x00000000fc000000, 0x00000000fc000000, 0x00000000fc8b0000)
  from space 1088K,  45% used [0x00000000fc9c0000, 0x00000000fca3c220, 0x00000000fcad0000)
  to   space 1088K,   0% used [0x00000000fc8b0000, 0x00000000fc8b0000, 0x00000000fc9c0000)
 tenured generation   total 22080K, used 12849K [0x00000000fd550000, 0x00000000feae0000, 0x0000000100000000)
   the space 22080K,  58% used [0x00000000fd550000, 0x00000000fe1dc7c8, 0x00000000feae0000)
 Metaspace       used 27590K, committed 28032K, reserved 131072K
  class space    used 3539K, committed 3712K, reserved 65536K
}
Event: 3.993 GC heap before
{Heap before GC invocations=33 (full 2):
 def new generation   total 9984K, used 9392K [0x00000000fc000000, 0x00000000fcad0000, 0x00000000fd550000)
  eden space 8896K, 100% used [0x00000000fc000000, 0x00000000fc8b0000, 0x00000000fc8b0000)
  from space 1088K,  45% used [0x00000000fc9c0000, 0x00000000fca3c220, 0x00000000fcad0000)
  to   space 1088K,   0% used [0x00000000fc8b0000, 0x00000000fc8b0000, 0x00000000fc9c0000)
 tenured generation   total 22080K, used 12849K [0x00000000fd550000, 0x00000000feae0000, 0x0000000100000000)
   the space 22080K,  58% used [0x00000000fd550000, 0x00000000fe1dc7c8, 0x00000000feae0000)
 Metaspace       used 28414K, committed 28864K, reserved 131072K
  class space    used 3708K, committed 3904K, reserved 65536K
}
Event: 3.997 GC heap after
{Heap after GC invocations=34 (full 2):
 def new generation   total 9984K, used 993K [0x00000000fc000000, 0x00000000fcad0000, 0x00000000fd550000)
  eden space 8896K,   0% used [0x00000000fc000000, 0x00000000fc000000, 0x00000000fc8b0000)
  from space 1088K,  91% used [0x00000000fc8b0000, 0x00000000fc9a8478, 0x00000000fc9c0000)
  to   space 1088K,   0% used [0x00000000fc9c0000, 0x00000000fc9c0000, 0x00000000fcad0000)
 tenured generation   total 22080K, used 12849K [0x00000000fd550000, 0x00000000feae0000, 0x0000000100000000)
   the space 22080K,  58% used [0x00000000fd550000, 0x00000000fe1dc7c8, 0x00000000feae0000)
 Metaspace       used 28414K, committed 28864K, reserved 131072K
  class space    used 3708K, committed 3904K, reserved 65536K
}
Event: 4.195 GC heap before
{Heap before GC invocations=34 (full 2):
 def new generation   total 9984K, used 9889K [0x00000000fc000000, 0x00000000fcad0000, 0x00000000fd550000)
  eden space 8896K, 100% used [0x00000000fc000000, 0x00000000fc8b0000, 0x00000000fc8b0000)
  from space 1088K,  91% used [0x00000000fc8b0000, 0x00000000fc9a8478, 0x00000000fc9c0000)
  to   space 1088K,   0% used [0x00000000fc9c0000, 0x00000000fc9c0000, 0x00000000fcad0000)
 tenured generation   total 22080K, used 12849K [0x00000000fd550000, 0x00000000feae0000, 0x0000000100000000)
   the space 22080K,  58% used [0x00000000fd550000, 0x00000000fe1dc7c8, 0x00000000feae0000)
 Metaspace       used 30060K, committed 30528K, reserved 131072K
  class space    used 3890K, committed 4096K, reserved 65536K
}
Event: 4.200 GC heap after
{Heap after GC invocations=35 (full 2):
 def new generation   total 9984K, used 670K [0x00000000fc000000, 0x00000000fcad0000, 0x00000000fd550000)
  eden space 8896K,   0% used [0x00000000fc000000, 0x00000000fc000000, 0x00000000fc8b0000)
  from space 1088K,  61% used [0x00000000fc9c0000, 0x00000000fca67b28, 0x00000000fcad0000)
  to   space 1088K,   0% used [0x00000000fc8b0000, 0x00000000fc8b0000, 0x00000000fc9c0000)
 tenured generation   total 22080K, used 13804K [0x00000000fd550000, 0x00000000feae0000, 0x0000000100000000)
   the space 22080K,  62% used [0x00000000fd550000, 0x00000000fe2cb1c0, 0x00000000feae0000)
 Metaspace       used 30060K, committed 30528K, reserved 131072K
  class space    used 3890K, committed 4096K, reserved 65536K
}
Event: 4.252 GC heap before
{Heap before GC invocations=35 (full 2):
 def new generation   total 9984K, used 3216K [0x00000000fc000000, 0x00000000fcad0000, 0x00000000fd550000)
  eden space 8896K,  28% used [0x00000000fc000000, 0x00000000fc27c768, 0x00000000fc8b0000)
  from space 1088K,  61% used [0x00000000fc9c0000, 0x00000000fca67b28, 0x00000000fcad0000)
  to   space 1088K,   0% used [0x00000000fc8b0000, 0x00000000fc8b0000, 0x00000000fc9c0000)
 tenured generation   total 22080K, used 13804K [0x00000000fd550000, 0x00000000feae0000, 0x0000000100000000)
   the space 22080K,  62% used [0x00000000fd550000, 0x00000000fe2cb1c0, 0x00000000feae0000)
 Metaspace       used 30565K, committed 31104K, reserved 131072K
  class space    used 3945K, committed 4224K, reserved 65536K
}
Event: 4.290 GC heap after
{Heap after GC invocations=36 (full 3):
 def new generation   total 11008K, used 0K [0x00000000fc000000, 0x00000000fcbf0000, 0x00000000fd550000)
  eden space 9792K,   0% used [0x00000000fc000000, 0x00000000fc000000, 0x00000000fc990000)
  from space 1216K,   0% used [0x00000000fc990000, 0x00000000fc990000, 0x00000000fcac0000)
  to   space 1216K,   0% used [0x00000000fcac0000, 0x00000000fcac0000, 0x00000000fcbf0000)
 tenured generation   total 24340K, used 14602K [0x00000000fd550000, 0x00000000fed15000, 0x0000000100000000)
   the space 24340K,  59% used [0x00000000fd550000, 0x00000000fe392b40, 0x00000000fed15000)
 Metaspace       used 30565K, committed 31104K, reserved 131072K
  class space    used 3945K, committed 4224K, reserved 65536K
}
Event: 5.453 GC heap before
{Heap before GC invocations=36 (full 3):
 def new generation   total 11008K, used 9792K [0x00000000fc000000, 0x00000000fcbf0000, 0x00000000fd550000)
  eden space 9792K, 100% used [0x00000000fc000000, 0x00000000fc990000, 0x00000000fc990000)
  from space 1216K,   0% used [0x00000000fc990000, 0x00000000fc990000, 0x00000000fcac0000)
  to   space 1216K,   0% used [0x00000000fcac0000, 0x00000000fcac0000, 0x00000000fcbf0000)
 tenured generation   total 24340K, used 14602K [0x00000000fd550000, 0x00000000fed15000, 0x0000000100000000)
   the space 24340K,  59% used [0x00000000fd550000, 0x00000000fe392b40, 0x00000000fed15000)
 Metaspace       used 31497K, committed 32064K, reserved 131072K
  class space    used 4096K, committed 4352K, reserved 65536K
}
Event: 5.456 GC heap after
{Heap after GC invocations=37 (full 3):
 def new generation   total 11008K, used 570K [0x00000000fc000000, 0x00000000fcbf0000, 0x00000000fd550000)
  eden space 9792K,   0% used [0x00000000fc000000, 0x00000000fc000000, 0x00000000fc990000)
  from space 1216K,  46% used [0x00000000fcac0000, 0x00000000fcb4eb10, 0x00000000fcbf0000)
  to   space 1216K,   0% used [0x00000000fc990000, 0x00000000fc990000, 0x00000000fcac0000)
 tenured generation   total 24340K, used 14602K [0x00000000fd550000, 0x00000000fed15000, 0x0000000100000000)
   the space 24340K,  59% used [0x00000000fd550000, 0x00000000fe392b40, 0x00000000fed15000)
 Metaspace       used 31497K, committed 32064K, reserved 131072K
  class space    used 4096K, committed 4352K, reserved 65536K
}
Event: 5.570 GC heap before
{Heap before GC invocations=37 (full 3):
 def new generation   total 11008K, used 10362K [0x00000000fc000000, 0x00000000fcbf0000, 0x00000000fd550000)
  eden space 9792K, 100% used [0x00000000fc000000, 0x00000000fc990000, 0x00000000fc990000)
  from space 1216K,  46% used [0x00000000fcac0000, 0x00000000fcb4eb10, 0x00000000fcbf0000)
  to   space 1216K,   0% used [0x00000000fc990000, 0x00000000fc990000, 0x00000000fcac0000)
 tenured generation   total 24340K, used 14602K [0x00000000fd550000, 0x00000000fed15000, 0x0000000100000000)
   the space 24340K,  59% used [0x00000000fd550000, 0x00000000fe392b40, 0x00000000fed15000)
 Metaspace       used 32141K, committed 32704K, reserved 131072K
  class space    used 4195K, committed 4480K, reserved 65536K
}
Event: 5.573 GC heap after
{Heap after GC invocations=38 (full 3):
 def new generation   total 11008K, used 938K [0x00000000fc000000, 0x00000000fcbf0000, 0x00000000fd550000)
  eden space 9792K,   0% used [0x00000000fc000000, 0x00000000fc000000, 0x00000000fc990000)
  from space 1216K,  77% used [0x00000000fc990000, 0x00000000fca7a858, 0x00000000fcac0000)
  to   space 1216K,   0% used [0x00000000fcac0000, 0x00000000fcac0000, 0x00000000fcbf0000)
 tenured generation   total 24340K, used 14602K [0x00000000fd550000, 0x00000000fed15000, 0x0000000100000000)
   the space 24340K,  59% used [0x00000000fd550000, 0x00000000fe392b40, 0x00000000fed15000)
 Metaspace       used 32141K, committed 32704K, reserved 131072K
  class space    used 4195K, committed 4480K, reserved 65536K
}
Event: 5.660 GC heap before
{Heap before GC invocations=38 (full 3):
 def new generation   total 11008K, used 10730K [0x00000000fc000000, 0x00000000fcbf0000, 0x00000000fd550000)
  eden space 9792K, 100% used [0x00000000fc000000, 0x00000000fc990000, 0x00000000fc990000)
  from space 1216K,  77% used [0x00000000fc990000, 0x00000000fca7a858, 0x00000000fcac0000)
  to   space 1216K,   0% used [0x00000000fcac0000, 0x00000000fcac0000, 0x00000000fcbf0000)
 tenured generation   total 24340K, used 14602K [0x00000000fd550000, 0x00000000fed15000, 0x0000000100000000)
   the space 24340K,  59% used [0x00000000fd550000, 0x00000000fe392b40, 0x00000000fed15000)
 Metaspace       used 32761K, committed 33344K, reserved 131072K
  class space    used 4278K, committed 4544K, reserved 65536K
}
Event: 5.663 GC heap after
{Heap after GC invocations=39 (full 3):
 def new generation   total 11008K, used 536K [0x00000000fc000000, 0x00000000fcbf0000, 0x00000000fd550000)
  eden space 9792K,   0% used [0x00000000fc000000, 0x00000000fc000000, 0x00000000fc990000)
  from space 1216K,  44% used [0x00000000fcac0000, 0x00000000fcb460c8, 0x00000000fcbf0000)
  to   space 1216K,   0% used [0x00000000fc990000, 0x00000000fc990000, 0x00000000fcac0000)
 tenured generation   total 24340K, used 15130K [0x00000000fd550000, 0x00000000fed15000, 0x0000000100000000)
   the space 24340K,  62% used [0x00000000fd550000, 0x00000000fe416b90, 0x00000000fed15000)
 Metaspace       used 32761K, committed 33344K, reserved 131072K
  class space    used 4278K, committed 4544K, reserved 65536K
}
Event: 5.751 GC heap before
{Heap before GC invocations=39 (full 3):
 def new generation   total 11008K, used 10328K [0x00000000fc000000, 0x00000000fcbf0000, 0x00000000fd550000)
  eden space 9792K, 100% used [0x00000000fc000000, 0x00000000fc990000, 0x00000000fc990000)
  from space 1216K,  44% used [0x00000000fcac0000, 0x00000000fcb460c8, 0x00000000fcbf0000)
  to   space 1216K,   0% used [0x00000000fc990000, 0x00000000fc990000, 0x00000000fcac0000)
 tenured generation   total 24340K, used 15130K [0x00000000fd550000, 0x00000000fed15000, 0x0000000100000000)
   the space 24340K,  62% used [0x00000000fd550000, 0x00000000fe416b90, 0x00000000fed15000)
 Metaspace       used 33302K, committed 33856K, reserved 131072K
  class space    used 4361K, committed 4608K, reserved 65536K
}
Event: 5.754 GC heap after
{Heap after GC invocations=40 (full 3):
 def new generation   total 11008K, used 711K [0x00000000fc000000, 0x00000000fcbf0000, 0x00000000fd550000)
  eden space 9792K,   0% used [0x00000000fc000000, 0x00000000fc000000, 0x00000000fc990000)
  from space 1216K,  58% used [0x00000000fc990000, 0x00000000fca41f10, 0x00000000fcac0000)
  to   space 1216K,   0% used [0x00000000fcac0000, 0x00000000fcac0000, 0x00000000fcbf0000)
 tenured generation   total 24340K, used 15130K [0x00000000fd550000, 0x00000000fed15000, 0x0000000100000000)
   the space 24340K,  62% used [0x00000000fd550000, 0x00000000fe416b90, 0x00000000fed15000)
 Metaspace       used 33302K, committed 33856K, reserved 131072K
  class space    used 4361K, committed 4608K, reserved 65536K
}
Event: 5.878 GC heap before
{Heap before GC invocations=40 (full 3):
 def new generation   total 11008K, used 10503K [0x00000000fc000000, 0x00000000fcbf0000, 0x00000000fd550000)
  eden space 9792K, 100% used [0x00000000fc000000, 0x00000000fc990000, 0x00000000fc990000)
  from space 1216K,  58% used [0x00000000fc990000, 0x00000000fca41f10, 0x00000000fcac0000)
  to   space 1216K,   0% used [0x00000000fcac0000, 0x00000000fcac0000, 0x00000000fcbf0000)
 tenured generation   total 24340K, used 15130K [0x00000000fd550000, 0x00000000fed15000, 0x0000000100000000)
   the space 24340K,  62% used [0x00000000fd550000, 0x00000000fe416b90, 0x00000000fed15000)
 Metaspace       used 34197K, committed 34752K, reserved 131072K
  class space    used 4490K, committed 4736K, reserved 65536K
}
Event: 5.881 GC heap after
{Heap after GC invocations=41 (full 3):
 def new generation   total 11008K, used 489K [0x00000000fc000000, 0x00000000fcbf0000, 0x00000000fd550000)
  eden space 9792K,   0% used [0x00000000fc000000, 0x00000000fc000000, 0x00000000fc990000)
  from space 1216K,  40% used [0x00000000fcac0000, 0x00000000fcb3a500, 0x00000000fcbf0000)
  to   space 1216K,   0% used [0x00000000fc990000, 0x00000000fc990000, 0x00000000fcac0000)
 tenured generation   total 24340K, used 15522K [0x00000000fd550000, 0x00000000fed15000, 0x0000000100000000)
   the space 24340K,  63% used [0x00000000fd550000, 0x00000000fe4788e8, 0x00000000fed15000)
 Metaspace       used 34197K, committed 34752K, reserved 131072K
  class space    used 4490K, committed 4736K, reserved 65536K
}
Event: 5.962 GC heap before
{Heap before GC invocations=41 (full 3):
 def new generation   total 11008K, used 10281K [0x00000000fc000000, 0x00000000fcbf0000, 0x00000000fd550000)
  eden space 9792K, 100% used [0x00000000fc000000, 0x00000000fc990000, 0x00000000fc990000)
  from space 1216K,  40% used [0x00000000fcac0000, 0x00000000fcb3a500, 0x00000000fcbf0000)
  to   space 1216K,   0% used [0x00000000fc990000, 0x00000000fc990000, 0x00000000fcac0000)
 tenured generation   total 24340K, used 15522K [0x00000000fd550000, 0x00000000fed15000, 0x0000000100000000)
   the space 24340K,  63% used [0x00000000fd550000, 0x00000000fe4788e8, 0x00000000fed15000)
 Metaspace       used 35037K, committed 35648K, reserved 131072K
  class space    used 4649K, committed 4928K, reserved 65536K
}
Event: 5.964 GC heap after
{Heap after GC invocations=42 (full 3):
 def new generation   total 11008K, used 578K [0x00000000fc000000, 0x00000000fcbf0000, 0x00000000fd550000)
  eden space 9792K,   0% used [0x00000000fc000000, 0x00000000fc000000, 0x00000000fc990000)
  from space 1216K,  47% used [0x00000000fc990000, 0x00000000fca20880, 0x00000000fcac0000)
  to   space 1216K,   0% used [0x00000000fcac0000, 0x00000000fcac0000, 0x00000000fcbf0000)
 tenured generation   total 24340K, used 15522K [0x00000000fd550000, 0x00000000fed15000, 0x0000000100000000)
   the space 24340K,  63% used [0x00000000fd550000, 0x00000000fe4788e8, 0x00000000fed15000)
 Metaspace       used 35037K, committed 35648K, reserved 131072K
  class space    used 4649K, committed 4928K, reserved 65536K
}

