# JRE version: Java(TM) SE Runtime Environment (23.0.2+7) (build 23.0.2+7-58)
# Java VM: Java HotSpot(TM) 64-Bit Server VM (23.0.2+7-58, mixed mode, sharing, tiered, compressed oops, compressed class ptrs, g1 gc, windows-amd64)
GC Precious Log:
 CardTable entry size: 512
 Card Set container configuration: InlinePtr #cards 5 size 8 Array Of Cards #cards 10 size 36 Howl #buckets 4 coarsen threshold 1843 Howl Bitmap #cards 512 size 80 coarsen threshold 460 Card regions per heap region 1 cards per card region 2048
 CPUs: 8 total, 8 available
 Memory: 16067M
 Large Page Support: Disabled
 NUMA Support: Disabled
 Compressed Oops: Enabled (32-bit)
 Heap Region Size: 1M
 Heap Min Capacity: 32M
 Heap Initial Capacity: 32M
 Heap Max Capacity: 96M
 Pre-touch: Disabled
 Parallel Workers: 8
 Concurrent Workers: 2
 Concurrent Refinement Workers: 8
 Periodic GC: Disabled
Heap:
 garbage-first heap   total reserved 98304K, committed 32768K, used 23824K [0x00000000fa000000, 0x0000000100000000)
  region size 1024K, 13 young (13312K), 2 survivors (2048K)
 Metaspace       used 16309K, committed 16512K, reserved 147456K
  class space    used 1961K, committed 2048K, reserved 81920K
GC Heap History (20 events):
Event: 1.194 GC heap before
{Heap before GC invocations=0 (full 0):
 garbage-first heap   total reserved 98304K, committed 32768K, used 17408K [0x00000000fa000000, 0x0000000100000000)
  region size 1024K, 17 young (17408K), 0 survivors (0K)
 Metaspace       used 4339K, committed 4544K, reserved 147456K
  class space    used 480K, committed 576K, reserved 81920K
}
Event: 1.206 GC heap after
{Heap after GC invocations=1 (full 0):
 garbage-first heap   total reserved 98304K, committed 32768K, used 3296K [0x00000000fa000000, 0x0000000100000000)
  region size 1024K, 3 young (3072K), 3 survivors (3072K)
 Metaspace       used 4339K, committed 4544K, reserved 147456K
  class space    used 480K, committed 576K, reserved 81920K
}
Event: 1.628 GC heap before
{Heap before GC invocations=1 (full 0):
 garbage-first heap   total reserved 98304K, committed 32768K, used 15584K [0x00000000fa000000, 0x0000000100000000)
  region size 1024K, 15 young (15360K), 3 survivors (3072K)
 Metaspace       used 6056K, committed 6208K, reserved 147456K
  class space    used 750K, committed 832K, reserved 81920K
}
Event: 1.635 GC heap after
{Heap after GC invocations=2 (full 0):
 garbage-first heap   total reserved 98304K, committed 32768K, used 4449K [0x00000000fa000000, 0x0000000100000000)
  region size 1024K, 1 young (1024K), 1 survivors (1024K)
 Metaspace       used 6056K, committed 6208K, reserved 147456K
  class space    used 750K, committed 832K, reserved 81920K
}
Event: 2.046 GC heap before
{Heap before GC invocations=2 (full 0):
 garbage-first heap   total reserved 98304K, committed 32768K, used 18785K [0x00000000fa000000, 0x0000000100000000)
  region size 1024K, 15 young (15360K), 1 survivors (1024K)
 Metaspace       used 7357K, committed 7552K, reserved 147456K
  class space    used 899K, committed 1024K, reserved 81920K
}
Event: 2.049 GC heap after
{Heap after GC invocations=3 (full 0):
 garbage-first heap   total reserved 98304K, committed 32768K, used 4449K [0x00000000fa000000, 0x0000000100000000)
  region size 1024K, 1 young (1024K), 1 survivors (1024K)
 Metaspace       used 7357K, committed 7552K, reserved 147456K
  class space    used 899K, committed 1024K, reserved 81920K
}
Event: 2.557 GC heap before
{Heap before GC invocations=3 (full 0):
 garbage-first heap   total reserved 98304K, committed 32768K, used 20833K [0x00000000fa000000, 0x0000000100000000)
  region size 1024K, 17 young (17408K), 1 survivors (1024K)
 Metaspace       used 10383K, committed 10624K, reserved 147456K
  class space    used 1290K, committed 1408K, reserved 81920K
}
Event: 2.562 GC heap after
{Heap after GC invocations=4 (full 0):
 garbage-first heap   total reserved 98304K, committed 32768K, used 5678K [0x00000000fa000000, 0x0000000100000000)
  region size 1024K, 3 young (3072K), 3 survivors (3072K)
 Metaspace       used 10383K, committed 10624K, reserved 147456K
  class space    used 1290K, committed 1408K, reserved 81920K
}
Event: 3.315 GC heap before
{Heap before GC invocations=4 (full 0):
 garbage-first heap   total reserved 98304K, committed 32768K, used 22062K [0x00000000fa000000, 0x0000000100000000)
  region size 1024K, 19 young (19456K), 3 survivors (3072K)
 Metaspace       used 13353K, committed 13632K, reserved 147456K
  class space    used 1687K, committed 1792K, reserved 81920K
}
Event: 3.323 GC heap after
{Heap after GC invocations=5 (full 0):
 garbage-first heap   total reserved 98304K, committed 32768K, used 7318K [0x00000000fa000000, 0x0000000100000000)
  region size 1024K, 3 young (3072K), 3 survivors (3072K)
 Metaspace       used 13353K, committed 13632K, reserved 147456K
  class space    used 1687K, committed 1792K, reserved 81920K
}
Event: 3.840 GC heap before
{Heap before GC invocations=5 (full 0):
 garbage-first heap   total reserved 98304K, committed 32768K, used 20630K [0x00000000fa000000, 0x0000000100000000)
  region size 1024K, 17 young (17408K), 3 survivors (3072K)
 Metaspace       used 15055K, committed 15296K, reserved 147456K
  class space    used 1874K, committed 1984K, reserved 81920K
}
Event: 3.853 GC heap after
{Heap after GC invocations=6 (full 0):
 garbage-first heap   total reserved 98304K, committed 32768K, used 9347K [0x00000000fa000000, 0x0000000100000000)
  region size 1024K, 2 young (2048K), 2 survivors (2048K)
 Metaspace       used 15055K, committed 15296K, reserved 147456K
  class space    used 1874K, committed 1984K, reserved 81920K
}
Event: 4.202 GC heap before
{Heap before GC invocations=7 (full 0):
 garbage-first heap   total reserved 98304K, committed 32768K, used 23683K [0x00000000fa000000, 0x0000000100000000)
  region size 1024K, 17 young (17408K), 2 survivors (2048K)
 Metaspace       used 15509K, committed 15744K, reserved 147456K
  class space    used 1912K, committed 2048K, reserved 81920K
}
Event: 4.215 GC heap after
{Heap after GC invocations=8 (full 0):
 garbage-first heap   total reserved 98304K, committed 32768K, used 11592K [0x00000000fa000000, 0x0000000100000000)
  region size 1024K, 3 young (3072K), 3 survivors (3072K)
 Metaspace       used 15509K, committed 15744K, reserved 147456K
  class space    used 1912K, committed 2048K, reserved 81920K
}
Event: 4.557 GC heap before
{Heap before GC invocations=8 (full 0):
 garbage-first heap   total reserved 98304K, committed 32768K, used 24904K [0x00000000fa000000, 0x0000000100000000)
  region size 1024K, 16 young (16384K), 3 survivors (3072K)
 Metaspace       used 15851K, committed 16128K, reserved 147456K
  class space    used 1946K, committed 2048K, reserved 81920K
}
Event: 4.573 GC heap after
{Heap after GC invocations=9 (full 0):
 garbage-first heap   total reserved 98304K, committed 32768K, used 13236K [0x00000000fa000000, 0x0000000100000000)
  region size 1024K, 2 young (2048K), 2 survivors (2048K)
 Metaspace       used 15851K, committed 16128K, reserved 147456K
  class space    used 1946K, committed 2048K, reserved 81920K
}
Event: 4.837 GC heap before
{Heap before GC invocations=9 (full 0):
 garbage-first heap   total reserved 98304K, committed 32768K, used 26548K [0x00000000fa000000, 0x0000000100000000)
  region size 1024K, 15 young (15360K), 2 survivors (2048K)
 Metaspace       used 15968K, committed 16192K, reserved 147456K
  class space    used 1947K, committed 2048K, reserved 81920K
}
Event: 4.841 GC heap after
{Heap after GC invocations=10 (full 0):
 garbage-first heap   total reserved 98304K, committed 32768K, used 14090K [0x00000000fa000000, 0x0000000100000000)
  region size 1024K, 1 young (1024K), 1 survivors (1024K)
 Metaspace       used 15968K, committed 16192K, reserved 147456K
  class space    used 1947K, committed 2048K, reserved 81920K
}
Event: 5.086 GC heap before
{Heap before GC invocations=10 (full 0):
 garbage-first heap   total reserved 98304K, committed 32768K, used 27402K [0x00000000fa000000, 0x0000000100000000)
  region size 1024K, 14 young (14336K), 1 survivors (1024K)
 Metaspace       used 16133K, committed 16384K, reserved 147456K
  class space    used 1949K, committed 2048K, reserved 81920K
}
Event: 5.090 GC heap after
{Heap after GC invocations=11 (full 0):
 garbage-first heap   total reserved 98304K, committed 32768K, used 14608K [0x00000000fa000000, 0x0000000100000000)
  region size 1024K, 2 young (2048K), 2 survivors (2048K)
 Metaspace       used 16133K, committed 16384K, reserved 147456K
  class space    used 1949K, committed 2048K, reserved 81920K
}

